This file contains any messages produced by compilers while
running configure, to aid debugging if configure makes a mistake.

It was created by Platinumcoin Core configure 0.1.4, which was
generated by GNU Autoconf 2.69.  Invocation command line was

  $ ./configure --with-gui=yes --with-miniupnpc=yes --disable-tests --with-boost=/dlibs/linux/x86_64 --with-boost-libdir=/dlibs/linux/x86_64/lib --with-boost-system=boost_system-gcc48-mt-s-1_57 --with-boost-filesystem=boost_filesystem-gcc48-mt-s-1_57 --with-boost-program-options=boost_program_options-gcc48-mt-s-1_57 --with-boost-thread=boost_thread-gcc48-mt-s-1_57 --with-boost-chrono=boost_chrono-gcc48-mt-s-1_57 --with-protoc-bindir=/dlibs/linux/x86_64/bin

## --------- ##
## Platform. ##
## --------- ##

hostname = kamalix
uname -m = x86_64
uname -r = 3.10.0-693.11.1.el7.x86_64
uname -s = Linux
uname -v = #1 SMP Mon Dec 4 23:52:40 UTC 2017

/usr/bin/uname -p = x86_64
/bin/uname -X     = unknown

/bin/arch              = x86_64
/usr/bin/arch -k       = unknown
/usr/convex/getsysinfo = unknown
/usr/bin/hostinfo      = unknown
/bin/machine           = unknown
/usr/bin/oslevel       = unknown
/bin/universe          = unknown

PATH: /dlibs/linux/x86_64/bin
PATH: /usr/local/bin
PATH: /usr/local/sbin
PATH: /usr/local/bin
PATH: /usr/sbin
PATH: /usr/bin


## ----------- ##
## Core tests. ##
## ----------- ##

configure:2617: checking build system type
configure:2631: result: x86_64-unknown-linux-gnu
configure:2651: checking host system type
configure:2664: result: x86_64-unknown-linux-gnu
configure:2805: checking for a BSD-compatible install
configure:2873: result: /usr/bin/install -c
configure:2884: checking whether build environment is sane
configure:2939: result: yes
configure:3090: checking for a thread-safe mkdir -p
configure:3129: result: /usr/bin/mkdir -p
configure:3136: checking for gawk
configure:3152: found /usr/bin/gawk
configure:3163: result: gawk
configure:3174: checking whether make sets $(MAKE)
configure:3196: result: yes
configure:3225: checking whether make supports nested variables
configure:3242: result: yes
configure:3319: checking whether to enable maintainer-specific portions of Makefiles
configure:3328: result: yes
configure:3353: checking whether make supports nested variables
configure:3370: result: yes
configure:3544: checking for g++
configure:3560: found /usr/bin/g++
configure:3571: result: g++
configure:3598: checking for C++ compiler version
configure:3607: g++ --version >&5
g++ (GCC) 4.8.5 20150623 (Red Hat 4.8.5-16)
Copyright (C) 2015 Free Software Foundation, Inc.
This is free software; see the source for copying conditions.  There is NO
warranty; not even for MERCHANTABILITY or FITNESS FOR A PARTICULAR PURPOSE.

configure:3618: $? = 0
configure:3607: g++ -v >&5
Using built-in specs.
COLLECT_GCC=g++
COLLECT_LTO_WRAPPER=/usr/libexec/gcc/x86_64-redhat-linux/4.8.5/lto-wrapper
Target: x86_64-redhat-linux
Configured with: ../configure --prefix=/usr --mandir=/usr/share/man --infodir=/usr/share/info --with-bugurl=http://bugzilla.redhat.com/bugzilla --enable-bootstrap --enable-shared --enable-threads=posix --enable-checking=release --with-system-zlib --enable-__cxa_atexit --disable-libunwind-exceptions --enable-gnu-unique-object --enable-linker-build-id --with-linker-hash-style=gnu --enable-languages=c,c++,objc,obj-c++,java,fortran,ada,go,lto --enable-plugin --enable-initfini-array --disable-libgcj --with-isl=/builddir/build/BUILD/gcc-4.8.5-20150702/obj-x86_64-redhat-linux/isl-install --with-cloog=/builddir/build/BUILD/gcc-4.8.5-20150702/obj-x86_64-redhat-linux/cloog-install --enable-gnu-indirect-function --with-tune=generic --with-arch_32=x86-64 --build=x86_64-redhat-linux
Thread model: posix
gcc version 4.8.5 20150623 (Red Hat 4.8.5-16) (GCC) 
configure:3618: $? = 0
configure:3607: g++ -V >&5
g++: error: unrecognized command line option '-V'
g++: fatal error: no input files
compilation terminated.
configure:3618: $? = 4
configure:3607: g++ -qversion >&5
g++: error: unrecognized command line option '-qversion'
g++: fatal error: no input files
compilation terminated.
configure:3618: $? = 4
configure:3638: checking whether the C++ compiler works
configure:3660: g++ -I/dlibs/linux/x86_64/include -I/dlibs/linux/x86_64/include/boost_1_57_0 -I/dlibs/linux/x86_64/include/openssl -O2 -Wno-main   -Wno-deprecated-declarations -Wno-sign-compare -Wno-format -Wno-stack-protector -fPIC  -L/dlibs/linux/x86_64/lib -L/dlibs/linux/x86_64/plugins/platforms conftest.cpp  >&5
configure:3664: $? = 0
configure:3712: result: yes
configure:3715: checking for C++ compiler default output file name
configure:3717: result: a.out
configure:3723: checking for suffix of executables
configure:3730: g++ -o conftest -I/dlibs/linux/x86_64/include -I/dlibs/linux/x86_64/include/boost_1_57_0 -I/dlibs/linux/x86_64/include/openssl -O2 -Wno-main   -Wno-deprecated-declarations -Wno-sign-compare -Wno-format -Wno-stack-protector -fPIC  -L/dlibs/linux/x86_64/lib -L/dlibs/linux/x86_64/plugins/platforms conftest.cpp  >&5
configure:3734: $? = 0
configure:3756: result: 
configure:3778: checking whether we are cross compiling
configure:3786: g++ -o conftest -I/dlibs/linux/x86_64/include -I/dlibs/linux/x86_64/include/boost_1_57_0 -I/dlibs/linux/x86_64/include/openssl -O2 -Wno-main   -Wno-deprecated-declarations -Wno-sign-compare -Wno-format -Wno-stack-protector -fPIC  -L/dlibs/linux/x86_64/lib -L/dlibs/linux/x86_64/plugins/platforms conftest.cpp  >&5
configure:3790: $? = 0
configure:3797: ./conftest
configure:3801: $? = 0
configure:3816: result: no
configure:3821: checking for suffix of object files
configure:3843: g++ -c -I/dlibs/linux/x86_64/include -I/dlibs/linux/x86_64/include/boost_1_57_0 -I/dlibs/linux/x86_64/include/openssl -O2 -Wno-main   -Wno-deprecated-declarations -Wno-sign-compare -Wno-format -Wno-stack-protector -fPIC  conftest.cpp >&5
configure:3847: $? = 0
configure:3868: result: o
configure:3872: checking whether we are using the GNU C++ compiler
configure:3891: g++ -c -I/dlibs/linux/x86_64/include -I/dlibs/linux/x86_64/include/boost_1_57_0 -I/dlibs/linux/x86_64/include/openssl -O2 -Wno-main   -Wno-deprecated-declarations -Wno-sign-compare -Wno-format -Wno-stack-protector -fPIC  conftest.cpp >&5
configure:3891: $? = 0
configure:3900: result: yes
configure:3909: checking whether g++ accepts -g
configure:3929: g++ -c -g  conftest.cpp >&5
configure:3929: $? = 0
configure:3970: result: yes
configure:4004: checking for style of include used by make
configure:4032: result: GNU
configure:4058: checking dependency style of g++
configure:4169: result: gcc3
configure:4232: checking for gcc
configure:4248: found /usr/bin/gcc
configure:4259: result: gcc
configure:4488: checking for C compiler version
configure:4497: gcc --version >&5
gcc (GCC) 4.8.5 20150623 (Red Hat 4.8.5-16)
Copyright (C) 2015 Free Software Foundation, Inc.
This is free software; see the source for copying conditions.  There is NO
warranty; not even for MERCHANTABILITY or FITNESS FOR A PARTICULAR PURPOSE.

configure:4508: $? = 0
configure:4497: gcc -v >&5
Using built-in specs.
COLLECT_GCC=gcc
COLLECT_LTO_WRAPPER=/usr/libexec/gcc/x86_64-redhat-linux/4.8.5/lto-wrapper
Target: x86_64-redhat-linux
Configured with: ../configure --prefix=/usr --mandir=/usr/share/man --infodir=/usr/share/info --with-bugurl=http://bugzilla.redhat.com/bugzilla --enable-bootstrap --enable-shared --enable-threads=posix --enable-checking=release --with-system-zlib --enable-__cxa_atexit --disable-libunwind-exceptions --enable-gnu-unique-object --enable-linker-build-id --with-linker-hash-style=gnu --enable-languages=c,c++,objc,obj-c++,java,fortran,ada,go,lto --enable-plugin --enable-initfini-array --disable-libgcj --with-isl=/builddir/build/BUILD/gcc-4.8.5-20150702/obj-x86_64-redhat-linux/isl-install --with-cloog=/builddir/build/BUILD/gcc-4.8.5-20150702/obj-x86_64-redhat-linux/cloog-install --enable-gnu-indirect-function --with-tune=generic --with-arch_32=x86-64 --build=x86_64-redhat-linux
Thread model: posix
gcc version 4.8.5 20150623 (Red Hat 4.8.5-16) (GCC) 
configure:4508: $? = 0
configure:4497: gcc -V >&5
gcc: error: unrecognized command line option '-V'
gcc: fatal error: no input files
compilation terminated.
configure:4508: $? = 4
configure:4497: gcc -qversion >&5
gcc: error: unrecognized command line option '-qversion'
gcc: fatal error: no input files
compilation terminated.
configure:4508: $? = 4
configure:4512: checking whether we are using the GNU C compiler
configure:4531: gcc -c   conftest.c >&5
configure:4531: $? = 0
configure:4540: result: yes
configure:4549: checking whether gcc accepts -g
configure:4569: gcc -c -g  conftest.c >&5
configure:4569: $? = 0
configure:4610: result: yes
configure:4627: checking for gcc option to accept ISO C89
configure:4690: gcc  -c -g -O2  conftest.c >&5
configure:4690: $? = 0
configure:4703: result: none needed
configure:4725: checking dependency style of gcc
configure:4836: result: gcc3
configure:4856: checking how to run the C preprocessor
configure:4887: gcc -E  conftest.c
configure:4887: $? = 0
configure:4901: gcc -E  conftest.c
conftest.c:9:28: fatal error: ac_nonexistent.h: No such file or directory
 #include <ac_nonexistent.h>
                            ^
compilation terminated.
configure:4901: $? = 1
configure: failed program was:
| /* confdefs.h */
| #define PACKAGE_NAME "Platinumcoin Core"
| #define PACKAGE_TARNAME "platinumcoin"
| #define PACKAGE_VERSION "0.1.4"
| #define PACKAGE_STRING "Platinumcoin Core 0.1.4"
| #define PACKAGE_BUGREPORT "info@platinumcoin.org"
| #define PACKAGE_URL ""
| /* end confdefs.h.  */
| #include <ac_nonexistent.h>
configure:4926: result: gcc -E
configure:4946: gcc -E  conftest.c
configure:4946: $? = 0
configure:4960: gcc -E  conftest.c
conftest.c:9:28: fatal error: ac_nonexistent.h: No such file or directory
 #include <ac_nonexistent.h>
                            ^
compilation terminated.
configure:4960: $? = 1
configure: failed program was:
| /* confdefs.h */
| #define PACKAGE_NAME "Platinumcoin Core"
| #define PACKAGE_TARNAME "platinumcoin"
| #define PACKAGE_VERSION "0.1.4"
| #define PACKAGE_STRING "Platinumcoin Core 0.1.4"
| #define PACKAGE_BUGREPORT "info@platinumcoin.org"
| #define PACKAGE_URL ""
| /* end confdefs.h.  */
| #include <ac_nonexistent.h>
configure:4993: checking how to run the C++ preprocessor
configure:5020: g++ -E  conftest.cpp
configure:5020: $? = 0
configure:5034: g++ -E  conftest.cpp
conftest.cpp:9:28: fatal error: ac_nonexistent.h: No such file or directory
 #include <ac_nonexistent.h>
                            ^
compilation terminated.
configure:5034: $? = 1
configure: failed program was:
| /* confdefs.h */
| #define PACKAGE_NAME "Platinumcoin Core"
| #define PACKAGE_TARNAME "platinumcoin"
| #define PACKAGE_VERSION "0.1.4"
| #define PACKAGE_STRING "Platinumcoin Core 0.1.4"
| #define PACKAGE_BUGREPORT "info@platinumcoin.org"
| #define PACKAGE_URL ""
| /* end confdefs.h.  */
| #include <ac_nonexistent.h>
configure:5059: result: g++ -E
configure:5079: g++ -E  conftest.cpp
configure:5079: $? = 0
configure:5093: g++ -E  conftest.cpp
conftest.cpp:9:28: fatal error: ac_nonexistent.h: No such file or directory
 #include <ac_nonexistent.h>
                            ^
compilation terminated.
configure:5093: $? = 1
configure: failed program was:
| /* confdefs.h */
| #define PACKAGE_NAME "Platinumcoin Core"
| #define PACKAGE_TARNAME "platinumcoin"
| #define PACKAGE_VERSION "0.1.4"
| #define PACKAGE_STRING "Platinumcoin Core 0.1.4"
| #define PACKAGE_BUGREPORT "info@platinumcoin.org"
| #define PACKAGE_URL ""
| /* end confdefs.h.  */
| #include <ac_nonexistent.h>
configure:5176: checking for gcc
configure:5192: found /usr/bin/gcc
configure:5203: result: gcc
configure:5228: checking for Objective C compiler version
configure:5237: gcc --version >&5
gcc (GCC) 4.8.5 20150623 (Red Hat 4.8.5-16)
Copyright (C) 2015 Free Software Foundation, Inc.
This is free software; see the source for copying conditions.  There is NO
warranty; not even for MERCHANTABILITY or FITNESS FOR A PARTICULAR PURPOSE.

configure:5248: $? = 0
configure:5237: gcc -v >&5
Using built-in specs.
COLLECT_GCC=gcc
COLLECT_LTO_WRAPPER=/usr/libexec/gcc/x86_64-redhat-linux/4.8.5/lto-wrapper
Target: x86_64-redhat-linux
Configured with: ../configure --prefix=/usr --mandir=/usr/share/man --infodir=/usr/share/info --with-bugurl=http://bugzilla.redhat.com/bugzilla --enable-bootstrap --enable-shared --enable-threads=posix --enable-checking=release --with-system-zlib --enable-__cxa_atexit --disable-libunwind-exceptions --enable-gnu-unique-object --enable-linker-build-id --with-linker-hash-style=gnu --enable-languages=c,c++,objc,obj-c++,java,fortran,ada,go,lto --enable-plugin --enable-initfini-array --disable-libgcj --with-isl=/builddir/build/BUILD/gcc-4.8.5-20150702/obj-x86_64-redhat-linux/isl-install --with-cloog=/builddir/build/BUILD/gcc-4.8.5-20150702/obj-x86_64-redhat-linux/cloog-install --enable-gnu-indirect-function --with-tune=generic --with-arch_32=x86-64 --build=x86_64-redhat-linux
Thread model: posix
gcc version 4.8.5 20150623 (Red Hat 4.8.5-16) (GCC) 
configure:5248: $? = 0
configure:5237: gcc -V >&5
gcc: error: unrecognized command line option '-V'
gcc: fatal error: no input files
compilation terminated.
configure:5248: $? = 4
configure:5237: gcc -qversion >&5
gcc: error: unrecognized command line option '-qversion'
gcc: fatal error: no input files
compilation terminated.
configure:5248: $? = 4
configure:5252: checking whether we are using the GNU Objective C compiler
configure:5271: gcc -c   conftest.m >&5
gcc: error trying to exec 'cc1obj': execvp: No such file or directory
configure:5271: $? = 1
configure: failed program was:
| /* confdefs.h */
| #define PACKAGE_NAME "Platinumcoin Core"
| #define PACKAGE_TARNAME "platinumcoin"
| #define PACKAGE_VERSION "0.1.4"
| #define PACKAGE_STRING "Platinumcoin Core 0.1.4"
| #define PACKAGE_BUGREPORT "info@platinumcoin.org"
| #define PACKAGE_URL ""
| /* end confdefs.h.  */
| 
| int
| main ()
| {
| #ifndef __GNUC__
|        choke me
| #endif
| 
|   ;
|   return 0;
| }
configure:5280: result: no
configure:5289: checking whether gcc accepts -g
configure:5309: gcc -c -g  conftest.m >&5
gcc: error trying to exec 'cc1obj': execvp: No such file or directory
configure:5309: $? = 1
configure: failed program was:
| /* confdefs.h */
| #define PACKAGE_NAME "Platinumcoin Core"
| #define PACKAGE_TARNAME "platinumcoin"
| #define PACKAGE_VERSION "0.1.4"
| #define PACKAGE_STRING "Platinumcoin Core 0.1.4"
| #define PACKAGE_BUGREPORT "info@platinumcoin.org"
| #define PACKAGE_URL ""
| /* end confdefs.h.  */
| 
| int
| main ()
| {
| 
|   ;
|   return 0;
| }
configure:5324: gcc -c   conftest.m >&5
gcc: error trying to exec 'cc1obj': execvp: No such file or directory
configure:5324: $? = 1
configure: failed program was:
| /* confdefs.h */
| #define PACKAGE_NAME "Platinumcoin Core"
| #define PACKAGE_TARNAME "platinumcoin"
| #define PACKAGE_VERSION "0.1.4"
| #define PACKAGE_STRING "Platinumcoin Core 0.1.4"
| #define PACKAGE_BUGREPORT "info@platinumcoin.org"
| #define PACKAGE_URL ""
| /* end confdefs.h.  */
| 
| int
| main ()
| {
| 
|   ;
|   return 0;
| }
configure:5340: gcc -c -g  conftest.m >&5
gcc: error trying to exec 'cc1obj': execvp: No such file or directory
configure:5340: $? = 1
configure: failed program was:
| /* confdefs.h */
| #define PACKAGE_NAME "Platinumcoin Core"
| #define PACKAGE_TARNAME "platinumcoin"
| #define PACKAGE_VERSION "0.1.4"
| #define PACKAGE_STRING "Platinumcoin Core 0.1.4"
| #define PACKAGE_BUGREPORT "info@platinumcoin.org"
| #define PACKAGE_URL ""
| /* end confdefs.h.  */
| 
| int
| main ()
| {
| 
|   ;
|   return 0;
| }
configure:5350: result: no
configure:5375: checking dependency style of gcc
configure:5484: result: gcc3
configure:5499: checking whether ln -s works
configure:5503: result: yes
configure:5564: checking for g++
configure:5580: found /usr/bin/g++
configure:5591: result: g++
configure:5616: checking for Objective C++ compiler version
configure:5625: g++ --version >&5
g++ (GCC) 4.8.5 20150623 (Red Hat 4.8.5-16)
Copyright (C) 2015 Free Software Foundation, Inc.
This is free software; see the source for copying conditions.  There is NO
warranty; not even for MERCHANTABILITY or FITNESS FOR A PARTICULAR PURPOSE.

configure:5636: $? = 0
configure:5625: g++ -v >&5
Using built-in specs.
COLLECT_GCC=g++
COLLECT_LTO_WRAPPER=/usr/libexec/gcc/x86_64-redhat-linux/4.8.5/lto-wrapper
Target: x86_64-redhat-linux
Configured with: ../configure --prefix=/usr --mandir=/usr/share/man --infodir=/usr/share/info --with-bugurl=http://bugzilla.redhat.com/bugzilla --enable-bootstrap --enable-shared --enable-threads=posix --enable-checking=release --with-system-zlib --enable-__cxa_atexit --disable-libunwind-exceptions --enable-gnu-unique-object --enable-linker-build-id --with-linker-hash-style=gnu --enable-languages=c,c++,objc,obj-c++,java,fortran,ada,go,lto --enable-plugin --enable-initfini-array --disable-libgcj --with-isl=/builddir/build/BUILD/gcc-4.8.5-20150702/obj-x86_64-redhat-linux/isl-install --with-cloog=/builddir/build/BUILD/gcc-4.8.5-20150702/obj-x86_64-redhat-linux/cloog-install --enable-gnu-indirect-function --with-tune=generic --with-arch_32=x86-64 --build=x86_64-redhat-linux
Thread model: posix
gcc version 4.8.5 20150623 (Red Hat 4.8.5-16) (GCC) 
configure:5636: $? = 0
configure:5625: g++ -V >&5
g++: error: unrecognized command line option '-V'
g++: fatal error: no input files
compilation terminated.
configure:5636: $? = 4
configure:5625: g++ -qversion >&5
g++: error: unrecognized command line option '-qversion'
g++: fatal error: no input files
compilation terminated.
configure:5636: $? = 4
configure:5640: checking whether we are using the GNU Objective C++ compiler
configure:5659: g++ -c   conftest.mm >&5
g++: error trying to exec 'cc1objplus': execvp: No such file or directory
configure:5659: $? = 1
configure: failed program was:
| /* confdefs.h */
| #define PACKAGE_NAME "Platinumcoin Core"
| #define PACKAGE_TARNAME "platinumcoin"
| #define PACKAGE_VERSION "0.1.4"
| #define PACKAGE_STRING "Platinumcoin Core 0.1.4"
| #define PACKAGE_BUGREPORT "info@platinumcoin.org"
| #define PACKAGE_URL ""
| /* end confdefs.h.  */
| 
| int
| main ()
| {
| #ifndef __GNUC__
|        choke me
| #endif
| 
|   ;
|   return 0;
| }
configure:5668: result: no
configure:5677: checking whether g++ accepts -g
configure:5697: g++ -c -g  conftest.mm >&5
g++: error trying to exec 'cc1objplus': execvp: No such file or directory
configure:5697: $? = 1
configure: failed program was:
| /* confdefs.h */
| #define PACKAGE_NAME "Platinumcoin Core"
| #define PACKAGE_TARNAME "platinumcoin"
| #define PACKAGE_VERSION "0.1.4"
| #define PACKAGE_STRING "Platinumcoin Core 0.1.4"
| #define PACKAGE_BUGREPORT "info@platinumcoin.org"
| #define PACKAGE_URL ""
| /* end confdefs.h.  */
| 
| int
| main ()
| {
| 
|   ;
|   return 0;
| }
configure:5712: g++ -c   conftest.mm >&5
g++: error trying to exec 'cc1objplus': execvp: No such file or directory
configure:5712: $? = 1
configure: failed program was:
| /* confdefs.h */
| #define PACKAGE_NAME "Platinumcoin Core"
| #define PACKAGE_TARNAME "platinumcoin"
| #define PACKAGE_VERSION "0.1.4"
| #define PACKAGE_STRING "Platinumcoin Core 0.1.4"
| #define PACKAGE_BUGREPORT "info@platinumcoin.org"
| #define PACKAGE_URL ""
| /* end confdefs.h.  */
| 
| int
| main ()
| {
| 
|   ;
|   return 0;
| }
configure:5728: g++ -c -g  conftest.mm >&5
g++: error trying to exec 'cc1objplus': execvp: No such file or directory
configure:5728: $? = 1
configure: failed program was:
| /* confdefs.h */
| #define PACKAGE_NAME "Platinumcoin Core"
| #define PACKAGE_TARNAME "platinumcoin"
| #define PACKAGE_VERSION "0.1.4"
| #define PACKAGE_STRING "Platinumcoin Core 0.1.4"
| #define PACKAGE_BUGREPORT "info@platinumcoin.org"
| #define PACKAGE_URL ""
| /* end confdefs.h.  */
| 
| int
| main ()
| {
| 
|   ;
|   return 0;
| }
configure:5738: result: no
configure:5763: checking dependency style of g++
configure:5872: result: gcc3
configure:5888: checking for a sed that does not truncate output
configure:5952: result: /usr/bin/sed
configure:6003: checking for ar
configure:6021: found /usr/bin/ar
configure:6033: result: /usr/bin/ar
configure:6101: checking for ranlib
configure:6119: found /usr/bin/ranlib
configure:6131: result: /usr/bin/ranlib
configure:6199: checking for strip
configure:6217: found /usr/bin/strip
configure:6229: result: /usr/bin/strip
configure:6297: checking for gcov
configure:6315: found /usr/bin/gcov
configure:6327: result: /usr/bin/gcov
configure:6351: checking for lcov
configure:6384: result: no
configure:6391: checking for java
configure:6424: result: no
configure:6431: checking for genhtml
configure:6464: result: no
configure:6471: checking for git
configure:6489: found /usr/bin/git
configure:6501: result: /usr/bin/git
configure:6511: checking for ccache
configure:6544: result: no
configure:6551: checking for xgettext
configure:6569: found /usr/bin/xgettext
configure:6581: result: /usr/bin/xgettext
configure:6591: checking for hexdump
configure:6609: found /usr/bin/hexdump
configure:6621: result: /usr/bin/hexdump
configure:6683: checking for pkg-config
configure:6701: found /usr/bin/pkg-config
configure:6713: result: /usr/bin/pkg-config
configure:6738: checking pkg-config is at least version 0.9.0
configure:6741: result: yes
configure:8263: checking for grep that handles long lines and -e
configure:8321: result: /usr/bin/grep
configure:8326: checking for egrep
configure:8388: result: /usr/bin/grep -E
configure:8393: checking for ANSI C header files
configure:8413: g++ -c -I/dlibs/linux/x86_64/include -I/dlibs/linux/x86_64/include/boost_1_57_0 -I/dlibs/linux/x86_64/include/openssl -O2 -Wno-main   -Wno-deprecated-declarations -Wno-sign-compare -Wno-format -Wno-stack-protector -fPIC  -DBOOST_SPIRIT_THREADSAFE -DHAVE_BUILD_INFO -D__STDC_FORMAT_MACROS conftest.cpp >&5
configure:8413: $? = 0
configure:8486: g++ -o conftest -I/dlibs/linux/x86_64/include -I/dlibs/linux/x86_64/include/boost_1_57_0 -I/dlibs/linux/x86_64/include/openssl -O2 -Wno-main   -Wno-deprecated-declarations -Wno-sign-compare -Wno-format -Wno-stack-protector -fPIC  -DBOOST_SPIRIT_THREADSAFE -DHAVE_BUILD_INFO -D__STDC_FORMAT_MACROS -L/dlibs/linux/x86_64/lib -L/dlibs/linux/x86_64/plugins/platforms conftest.cpp  >&5
configure:8486: $? = 0
configure:8486: ./conftest
configure:8486: $? = 0
configure:8497: result: yes
configure:8510: checking for sys/types.h
configure:8510: g++ -c -I/dlibs/linux/x86_64/include -I/dlibs/linux/x86_64/include/boost_1_57_0 -I/dlibs/linux/x86_64/include/openssl -O2 -Wno-main   -Wno-deprecated-declarations -Wno-sign-compare -Wno-format -Wno-stack-protector -fPIC  -DBOOST_SPIRIT_THREADSAFE -DHAVE_BUILD_INFO -D__STDC_FORMAT_MACROS conftest.cpp >&5
configure:8510: $? = 0
configure:8510: result: yes
configure:8510: checking for sys/stat.h
configure:8510: g++ -c -I/dlibs/linux/x86_64/include -I/dlibs/linux/x86_64/include/boost_1_57_0 -I/dlibs/linux/x86_64/include/openssl -O2 -Wno-main   -Wno-deprecated-declarations -Wno-sign-compare -Wno-format -Wno-stack-protector -fPIC  -DBOOST_SPIRIT_THREADSAFE -DHAVE_BUILD_INFO -D__STDC_FORMAT_MACROS conftest.cpp >&5
configure:8510: $? = 0
configure:8510: result: yes
configure:8510: checking for stdlib.h
configure:8510: g++ -c -I/dlibs/linux/x86_64/include -I/dlibs/linux/x86_64/include/boost_1_57_0 -I/dlibs/linux/x86_64/include/openssl -O2 -Wno-main   -Wno-deprecated-declarations -Wno-sign-compare -Wno-format -Wno-stack-protector -fPIC  -DBOOST_SPIRIT_THREADSAFE -DHAVE_BUILD_INFO -D__STDC_FORMAT_MACROS conftest.cpp >&5
configure:8510: $? = 0
configure:8510: result: yes
configure:8510: checking for string.h
configure:8510: g++ -c -I/dlibs/linux/x86_64/include -I/dlibs/linux/x86_64/include/boost_1_57_0 -I/dlibs/linux/x86_64/include/openssl -O2 -Wno-main   -Wno-deprecated-declarations -Wno-sign-compare -Wno-format -Wno-stack-protector -fPIC  -DBOOST_SPIRIT_THREADSAFE -DHAVE_BUILD_INFO -D__STDC_FORMAT_MACROS conftest.cpp >&5
configure:8510: $? = 0
configure:8510: result: yes
configure:8510: checking for memory.h
configure:8510: g++ -c -I/dlibs/linux/x86_64/include -I/dlibs/linux/x86_64/include/boost_1_57_0 -I/dlibs/linux/x86_64/include/openssl -O2 -Wno-main   -Wno-deprecated-declarations -Wno-sign-compare -Wno-format -Wno-stack-protector -fPIC  -DBOOST_SPIRIT_THREADSAFE -DHAVE_BUILD_INFO -D__STDC_FORMAT_MACROS conftest.cpp >&5
configure:8510: $? = 0
configure:8510: result: yes
configure:8510: checking for strings.h
configure:8510: g++ -c -I/dlibs/linux/x86_64/include -I/dlibs/linux/x86_64/include/boost_1_57_0 -I/dlibs/linux/x86_64/include/openssl -O2 -Wno-main   -Wno-deprecated-declarations -Wno-sign-compare -Wno-format -Wno-stack-protector -fPIC  -DBOOST_SPIRIT_THREADSAFE -DHAVE_BUILD_INFO -D__STDC_FORMAT_MACROS conftest.cpp >&5
configure:8510: $? = 0
configure:8510: result: yes
configure:8510: checking for inttypes.h
configure:8510: g++ -c -I/dlibs/linux/x86_64/include -I/dlibs/linux/x86_64/include/boost_1_57_0 -I/dlibs/linux/x86_64/include/openssl -O2 -Wno-main   -Wno-deprecated-declarations -Wno-sign-compare -Wno-format -Wno-stack-protector -fPIC  -DBOOST_SPIRIT_THREADSAFE -DHAVE_BUILD_INFO -D__STDC_FORMAT_MACROS conftest.cpp >&5
configure:8510: $? = 0
configure:8510: result: yes
configure:8510: checking for stdint.h
configure:8510: g++ -c -I/dlibs/linux/x86_64/include -I/dlibs/linux/x86_64/include/boost_1_57_0 -I/dlibs/linux/x86_64/include/openssl -O2 -Wno-main   -Wno-deprecated-declarations -Wno-sign-compare -Wno-format -Wno-stack-protector -fPIC  -DBOOST_SPIRIT_THREADSAFE -DHAVE_BUILD_INFO -D__STDC_FORMAT_MACROS conftest.cpp >&5
configure:8510: $? = 0
configure:8510: result: yes
configure:8510: checking for unistd.h
configure:8510: g++ -c -I/dlibs/linux/x86_64/include -I/dlibs/linux/x86_64/include/boost_1_57_0 -I/dlibs/linux/x86_64/include/openssl -O2 -Wno-main   -Wno-deprecated-declarations -Wno-sign-compare -Wno-format -Wno-stack-protector -fPIC  -DBOOST_SPIRIT_THREADSAFE -DHAVE_BUILD_INFO -D__STDC_FORMAT_MACROS conftest.cpp >&5
configure:8510: $? = 0
configure:8510: result: yes
configure:8522: checking whether byte ordering is bigendian
configure:8537: g++ -c -I/dlibs/linux/x86_64/include -I/dlibs/linux/x86_64/include/boost_1_57_0 -I/dlibs/linux/x86_64/include/openssl -O2 -Wno-main   -Wno-deprecated-declarations -Wno-sign-compare -Wno-format -Wno-stack-protector -fPIC  -DBOOST_SPIRIT_THREADSAFE -DHAVE_BUILD_INFO -D__STDC_FORMAT_MACROS conftest.cpp >&5
conftest.cpp:20:9: error: expected unqualified-id before 'not' token
         not a universal capable compiler
         ^
configure:8537: $? = 1
configure: failed program was:
| /* confdefs.h */
| #define PACKAGE_NAME "Platinumcoin Core"
| #define PACKAGE_TARNAME "platinumcoin"
| #define PACKAGE_VERSION "0.1.4"
| #define PACKAGE_STRING "Platinumcoin Core 0.1.4"
| #define PACKAGE_BUGREPORT "info@platinumcoin.org"
| #define PACKAGE_URL ""
| #define STDC_HEADERS 1
| #define HAVE_SYS_TYPES_H 1
| #define HAVE_SYS_STAT_H 1
| #define HAVE_STDLIB_H 1
| #define HAVE_STRING_H 1
| #define HAVE_MEMORY_H 1
| #define HAVE_STRINGS_H 1
| #define HAVE_INTTYPES_H 1
| #define HAVE_STDINT_H 1
| #define HAVE_UNISTD_H 1
| /* end confdefs.h.  */
| #ifndef __APPLE_CC__
| 	       not a universal capable compiler
| 	     #endif
| 	     typedef int dummy;
| 
configure:8582: g++ -c -I/dlibs/linux/x86_64/include -I/dlibs/linux/x86_64/include/boost_1_57_0 -I/dlibs/linux/x86_64/include/openssl -O2 -Wno-main   -Wno-deprecated-declarations -Wno-sign-compare -Wno-format -Wno-stack-protector -fPIC  -DBOOST_SPIRIT_THREADSAFE -DHAVE_BUILD_INFO -D__STDC_FORMAT_MACROS conftest.cpp >&5
configure:8582: $? = 0
configure:8600: g++ -c -I/dlibs/linux/x86_64/include -I/dlibs/linux/x86_64/include/boost_1_57_0 -I/dlibs/linux/x86_64/include/openssl -O2 -Wno-main   -Wno-deprecated-declarations -Wno-sign-compare -Wno-format -Wno-stack-protector -fPIC  -DBOOST_SPIRIT_THREADSAFE -DHAVE_BUILD_INFO -D__STDC_FORMAT_MACROS conftest.cpp >&5
conftest.cpp: In function 'int main()':
conftest.cpp:26:8: error: 'big' was not declared in this scope
    not big endian
        ^
conftest.cpp:26:12: error: expected ';' before 'endian'
    not big endian
            ^
configure:8600: $? = 1
configure: failed program was:
| /* confdefs.h */
| #define PACKAGE_NAME "Platinumcoin Core"
| #define PACKAGE_TARNAME "platinumcoin"
| #define PACKAGE_VERSION "0.1.4"
| #define PACKAGE_STRING "Platinumcoin Core 0.1.4"
| #define PACKAGE_BUGREPORT "info@platinumcoin.org"
| #define PACKAGE_URL ""
| #define STDC_HEADERS 1
| #define HAVE_SYS_TYPES_H 1
| #define HAVE_SYS_STAT_H 1
| #define HAVE_STDLIB_H 1
| #define HAVE_STRING_H 1
| #define HAVE_MEMORY_H 1
| #define HAVE_STRINGS_H 1
| #define HAVE_INTTYPES_H 1
| #define HAVE_STDINT_H 1
| #define HAVE_UNISTD_H 1
| /* end confdefs.h.  */
| #include <sys/types.h>
| 		#include <sys/param.h>
| 
| int
| main ()
| {
| #if BYTE_ORDER != BIG_ENDIAN
| 		 not big endian
| 		#endif
| 
|   ;
|   return 0;
| }
configure:8728: result: no
configure:8859: checking if compiler needs -Werror to reject unknown flags
configure:8875: gcc -c -g -O2 -Werror -Wunknown-warning-option -Wsizeof-array-argument  -DBOOST_SPIRIT_THREADSAFE -DHAVE_BUILD_INFO -D__STDC_FORMAT_MACROS conftest.c >&5
gcc: error: unrecognized command line option '-Wunknown-warning-option'
gcc: error: unrecognized command line option '-Wsizeof-array-argument'
configure:8875: $? = 1
configure: failed program was:
| /* confdefs.h */
| #define PACKAGE_NAME "Platinumcoin Core"
| #define PACKAGE_TARNAME "platinumcoin"
| #define PACKAGE_VERSION "0.1.4"
| #define PACKAGE_STRING "Platinumcoin Core 0.1.4"
| #define PACKAGE_BUGREPORT "info@platinumcoin.org"
| #define PACKAGE_URL ""
| #define STDC_HEADERS 1
| #define HAVE_SYS_TYPES_H 1
| #define HAVE_SYS_STAT_H 1
| #define HAVE_STDLIB_H 1
| #define HAVE_STRING_H 1
| #define HAVE_MEMORY_H 1
| #define HAVE_STRINGS_H 1
| #define HAVE_INTTYPES_H 1
| #define HAVE_STDINT_H 1
| #define HAVE_UNISTD_H 1
| /* end confdefs.h.  */
| int foo(void);
| int
| main ()
| {
| foo()
|   ;
|   return 0;
| }
configure:8880: result: no
configure:8946: checking for the pthreads library -lpthreads
configure:8984: gcc -o conftest -g -O2    -DBOOST_SPIRIT_THREADSAFE -DHAVE_BUILD_INFO -D__STDC_FORMAT_MACROS -L/dlibs/linux/x86_64/lib -L/dlibs/linux/x86_64/plugins/platforms conftest.c -lpthreads  >&5
/usr/bin/ld: cannot find -lpthreads
collect2: error: ld returned 1 exit status
configure:8984: $? = 1
configure: failed program was:
| /* confdefs.h */
| #define PACKAGE_NAME "Platinumcoin Core"
| #define PACKAGE_TARNAME "platinumcoin"
| #define PACKAGE_VERSION "0.1.4"
| #define PACKAGE_STRING "Platinumcoin Core 0.1.4"
| #define PACKAGE_BUGREPORT "info@platinumcoin.org"
| #define PACKAGE_URL ""
| #define STDC_HEADERS 1
| #define HAVE_SYS_TYPES_H 1
| #define HAVE_SYS_STAT_H 1
| #define HAVE_STDLIB_H 1
| #define HAVE_STRING_H 1
| #define HAVE_MEMORY_H 1
| #define HAVE_STRINGS_H 1
| #define HAVE_INTTYPES_H 1
| #define HAVE_STDINT_H 1
| #define HAVE_UNISTD_H 1
| /* end confdefs.h.  */
| #include <pthread.h>
|                         static void routine(void *a) { a = 0; }
|                         static void *start_routine(void *a) { return a; }
| int
| main ()
| {
| pthread_t th; pthread_attr_t attr;
|                         pthread_create(&th, 0, start_routine, 0);
|                         pthread_join(th, 0);
|                         pthread_attr_init(&attr);
|                         pthread_cleanup_push(routine, 0);
|                         pthread_cleanup_pop(0) /* ; */
|   ;
|   return 0;
| }
configure:8993: result: no
configure:8891: checking whether pthreads work without any flags
configure:8984: gcc -o conftest -g -O2    -DBOOST_SPIRIT_THREADSAFE -DHAVE_BUILD_INFO -D__STDC_FORMAT_MACROS -L/dlibs/linux/x86_64/lib -L/dlibs/linux/x86_64/plugins/platforms conftest.c   >&5
/tmp/ccPQyXgj.o: In function `main':
/devel/platinumcoin/src_main/conftest.c:26: undefined reference to `pthread_create'
/devel/platinumcoin/src_main/conftest.c:27: undefined reference to `pthread_join'
/devel/platinumcoin/src_main/conftest.c:29: undefined reference to `__pthread_register_cancel'
/devel/platinumcoin/src_main/conftest.c:30: undefined reference to `__pthread_unregister_cancel'
collect2: error: ld returned 1 exit status
configure:8984: $? = 1
configure: failed program was:
| /* confdefs.h */
| #define PACKAGE_NAME "Platinumcoin Core"
| #define PACKAGE_TARNAME "platinumcoin"
| #define PACKAGE_VERSION "0.1.4"
| #define PACKAGE_STRING "Platinumcoin Core 0.1.4"
| #define PACKAGE_BUGREPORT "info@platinumcoin.org"
| #define PACKAGE_URL ""
| #define STDC_HEADERS 1
| #define HAVE_SYS_TYPES_H 1
| #define HAVE_SYS_STAT_H 1
| #define HAVE_STDLIB_H 1
| #define HAVE_STRING_H 1
| #define HAVE_MEMORY_H 1
| #define HAVE_STRINGS_H 1
| #define HAVE_INTTYPES_H 1
| #define HAVE_STDINT_H 1
| #define HAVE_UNISTD_H 1
| /* end confdefs.h.  */
| #include <pthread.h>
|                         static void routine(void *a) { a = 0; }
|                         static void *start_routine(void *a) { return a; }
| int
| main ()
| {
| pthread_t th; pthread_attr_t attr;
|                         pthread_create(&th, 0, start_routine, 0);
|                         pthread_join(th, 0);
|                         pthread_attr_init(&attr);
|                         pthread_cleanup_push(routine, 0);
|                         pthread_cleanup_pop(0) /* ; */
|   ;
|   return 0;
| }
configure:8993: result: no
configure:8896: checking whether pthreads work with -Kthread
configure:8984: gcc -o conftest -g -O2 -Kthread   -DBOOST_SPIRIT_THREADSAFE -DHAVE_BUILD_INFO -D__STDC_FORMAT_MACROS -L/dlibs/linux/x86_64/lib -L/dlibs/linux/x86_64/plugins/platforms conftest.c   >&5
gcc: error: unrecognized command line option '-Kthread'
configure:8984: $? = 1
configure: failed program was:
| /* confdefs.h */
| #define PACKAGE_NAME "Platinumcoin Core"
| #define PACKAGE_TARNAME "platinumcoin"
| #define PACKAGE_VERSION "0.1.4"
| #define PACKAGE_STRING "Platinumcoin Core 0.1.4"
| #define PACKAGE_BUGREPORT "info@platinumcoin.org"
| #define PACKAGE_URL ""
| #define STDC_HEADERS 1
| #define HAVE_SYS_TYPES_H 1
| #define HAVE_SYS_STAT_H 1
| #define HAVE_STDLIB_H 1
| #define HAVE_STRING_H 1
| #define HAVE_MEMORY_H 1
| #define HAVE_STRINGS_H 1
| #define HAVE_INTTYPES_H 1
| #define HAVE_STDINT_H 1
| #define HAVE_UNISTD_H 1
| /* end confdefs.h.  */
| #include <pthread.h>
|                         static void routine(void *a) { a = 0; }
|                         static void *start_routine(void *a) { return a; }
| int
| main ()
| {
| pthread_t th; pthread_attr_t attr;
|                         pthread_create(&th, 0, start_routine, 0);
|                         pthread_join(th, 0);
|                         pthread_attr_init(&attr);
|                         pthread_cleanup_push(routine, 0);
|                         pthread_cleanup_pop(0) /* ; */
|   ;
|   return 0;
| }
configure:8993: result: no
configure:8896: checking whether pthreads work with -kthread
configure:8984: gcc -o conftest -g -O2 -kthread   -DBOOST_SPIRIT_THREADSAFE -DHAVE_BUILD_INFO -D__STDC_FORMAT_MACROS -L/dlibs/linux/x86_64/lib -L/dlibs/linux/x86_64/plugins/platforms conftest.c   >&5
gcc: error: unrecognized command line option '-kthread'
configure:8984: $? = 1
configure: failed program was:
| /* confdefs.h */
| #define PACKAGE_NAME "Platinumcoin Core"
| #define PACKAGE_TARNAME "platinumcoin"
| #define PACKAGE_VERSION "0.1.4"
| #define PACKAGE_STRING "Platinumcoin Core 0.1.4"
| #define PACKAGE_BUGREPORT "info@platinumcoin.org"
| #define PACKAGE_URL ""
| #define STDC_HEADERS 1
| #define HAVE_SYS_TYPES_H 1
| #define HAVE_SYS_STAT_H 1
| #define HAVE_STDLIB_H 1
| #define HAVE_STRING_H 1
| #define HAVE_MEMORY_H 1
| #define HAVE_STRINGS_H 1
| #define HAVE_INTTYPES_H 1
| #define HAVE_STDINT_H 1
| #define HAVE_UNISTD_H 1
| /* end confdefs.h.  */
| #include <pthread.h>
|                         static void routine(void *a) { a = 0; }
|                         static void *start_routine(void *a) { return a; }
| int
| main ()
| {
| pthread_t th; pthread_attr_t attr;
|                         pthread_create(&th, 0, start_routine, 0);
|                         pthread_join(th, 0);
|                         pthread_attr_init(&attr);
|                         pthread_cleanup_push(routine, 0);
|                         pthread_cleanup_pop(0) /* ; */
|   ;
|   return 0;
| }
configure:8993: result: no
configure:8946: checking for the pthreads library -llthread
configure:8984: gcc -o conftest -g -O2    -DBOOST_SPIRIT_THREADSAFE -DHAVE_BUILD_INFO -D__STDC_FORMAT_MACROS -L/dlibs/linux/x86_64/lib -L/dlibs/linux/x86_64/plugins/platforms conftest.c -llthread  >&5
/usr/bin/ld: cannot find -llthread
collect2: error: ld returned 1 exit status
configure:8984: $? = 1
configure: failed program was:
| /* confdefs.h */
| #define PACKAGE_NAME "Platinumcoin Core"
| #define PACKAGE_TARNAME "platinumcoin"
| #define PACKAGE_VERSION "0.1.4"
| #define PACKAGE_STRING "Platinumcoin Core 0.1.4"
| #define PACKAGE_BUGREPORT "info@platinumcoin.org"
| #define PACKAGE_URL ""
| #define STDC_HEADERS 1
| #define HAVE_SYS_TYPES_H 1
| #define HAVE_SYS_STAT_H 1
| #define HAVE_STDLIB_H 1
| #define HAVE_STRING_H 1
| #define HAVE_MEMORY_H 1
| #define HAVE_STRINGS_H 1
| #define HAVE_INTTYPES_H 1
| #define HAVE_STDINT_H 1
| #define HAVE_UNISTD_H 1
| /* end confdefs.h.  */
| #include <pthread.h>
|                         static void routine(void *a) { a = 0; }
|                         static void *start_routine(void *a) { return a; }
| int
| main ()
| {
| pthread_t th; pthread_attr_t attr;
|                         pthread_create(&th, 0, start_routine, 0);
|                         pthread_join(th, 0);
|                         pthread_attr_init(&attr);
|                         pthread_cleanup_push(routine, 0);
|                         pthread_cleanup_pop(0) /* ; */
|   ;
|   return 0;
| }
configure:8993: result: no
configure:8896: checking whether pthreads work with -pthread
configure:8984: gcc -o conftest -g -O2 -pthread   -DBOOST_SPIRIT_THREADSAFE -DHAVE_BUILD_INFO -D__STDC_FORMAT_MACROS -L/dlibs/linux/x86_64/lib -L/dlibs/linux/x86_64/plugins/platforms conftest.c   >&5
configure:8984: $? = 0
configure:8993: result: yes
configure:9012: checking for joinable pthread attribute
configure:9027: gcc -o conftest -g -O2 -pthread  -DBOOST_SPIRIT_THREADSAFE -DHAVE_BUILD_INFO -D__STDC_FORMAT_MACROS -L/dlibs/linux/x86_64/lib -L/dlibs/linux/x86_64/plugins/platforms conftest.c   >&5
configure:9027: $? = 0
configure:9033: result: PTHREAD_CREATE_JOINABLE
configure:9043: checking if more special flags are required for pthreads
configure:9058: result: no
configure:9064: checking for PTHREAD_PRIO_INHERIT
configure:9081: gcc -o conftest -g -O2 -pthread  -DBOOST_SPIRIT_THREADSAFE -DHAVE_BUILD_INFO -D__STDC_FORMAT_MACROS -L/dlibs/linux/x86_64/lib -L/dlibs/linux/x86_64/plugins/platforms conftest.c   >&5
configure:9081: $? = 0
configure:9090: result: yes
configure:9201: checking for special C compiler options needed for large files
configure:9246: result: no
configure:9252: checking for _FILE_OFFSET_BITS value needed for large files
configure:9277: g++ -c -I/dlibs/linux/x86_64/include -I/dlibs/linux/x86_64/include/boost_1_57_0 -I/dlibs/linux/x86_64/include/openssl -O2 -Wno-main   -Wno-deprecated-declarations -Wno-sign-compare -Wno-format -Wno-stack-protector -fPIC  -DBOOST_SPIRIT_THREADSAFE -DHAVE_BUILD_INFO -D__STDC_FORMAT_MACROS conftest.cpp >&5
configure:9277: $? = 0
configure:9309: result: no
configure:9407: checking whether the linker accepts -Wl,--large-address-aware
configure:9426: g++ -o conftest -I/dlibs/linux/x86_64/include -I/dlibs/linux/x86_64/include/boost_1_57_0 -I/dlibs/linux/x86_64/include/openssl -O2 -Wno-main   -Wno-deprecated-declarations -Wno-sign-compare -Wno-format -Wno-stack-protector -fPIC  -DBOOST_SPIRIT_THREADSAFE -DHAVE_BUILD_INFO -D__STDC_FORMAT_MACROS -L/dlibs/linux/x86_64/lib -L/dlibs/linux/x86_64/plugins/platforms  -Wl,--large-address-aware conftest.cpp  >&5
/usr/bin/ld: unrecognized option '--large-address-aware'
/usr/bin/ld: use the --help option for usage information
collect2: error: ld returned 1 exit status
configure:9426: $? = 1
configure: failed program was:
| /* confdefs.h */
| #define PACKAGE_NAME "Platinumcoin Core"
| #define PACKAGE_TARNAME "platinumcoin"
| #define PACKAGE_VERSION "0.1.4"
| #define PACKAGE_STRING "Platinumcoin Core 0.1.4"
| #define PACKAGE_BUGREPORT "info@platinumcoin.org"
| #define PACKAGE_URL ""
| #define STDC_HEADERS 1
| #define HAVE_SYS_TYPES_H 1
| #define HAVE_SYS_STAT_H 1
| #define HAVE_STDLIB_H 1
| #define HAVE_STRING_H 1
| #define HAVE_MEMORY_H 1
| #define HAVE_STRINGS_H 1
| #define HAVE_INTTYPES_H 1
| #define HAVE_STDINT_H 1
| #define HAVE_UNISTD_H 1
| #define HAVE_PTHREAD_PRIO_INHERIT 1
| #define HAVE_PTHREAD 1
| /* end confdefs.h.  */
| 
| int
| main ()
| {
| 
|   ;
|   return 0;
| }
configure:9435: result: no
configure:9445: checking whether C++ compiler accepts -Wstack-protector
configure:9464: g++ -c -I/dlibs/linux/x86_64/include -I/dlibs/linux/x86_64/include/boost_1_57_0 -I/dlibs/linux/x86_64/include/openssl -O2 -Wno-main   -Wno-deprecated-declarations -Wno-sign-compare -Wno-format -Wno-stack-protector -fPIC  -Wstack-protector  -DBOOST_SPIRIT_THREADSAFE -DHAVE_BUILD_INFO -D__STDC_FORMAT_MACROS conftest.cpp >&5
configure:9464: $? = 0
configure:9472: result: yes
configure:9480: checking whether C++ compiler accepts -fstack-protector-all
configure:9499: g++ -c -I/dlibs/linux/x86_64/include -I/dlibs/linux/x86_64/include/boost_1_57_0 -I/dlibs/linux/x86_64/include/openssl -O2 -Wno-main   -Wno-deprecated-declarations -Wno-sign-compare -Wno-format -Wno-stack-protector -fPIC  -fstack-protector-all  -DBOOST_SPIRIT_THREADSAFE -DHAVE_BUILD_INFO -D__STDC_FORMAT_MACROS conftest.cpp >&5
configure:9499: $? = 0
configure:9507: result: yes
configure:9515: checking whether C++ compiler accepts -fPIE
configure:9534: g++ -c -I/dlibs/linux/x86_64/include -I/dlibs/linux/x86_64/include/boost_1_57_0 -I/dlibs/linux/x86_64/include/openssl -O2 -Wno-main   -Wno-deprecated-declarations -Wno-sign-compare -Wno-format -Wno-stack-protector -fPIC  -fPIE  -DBOOST_SPIRIT_THREADSAFE -DHAVE_BUILD_INFO -D__STDC_FORMAT_MACROS conftest.cpp >&5
configure:9534: $? = 0
configure:9542: result: yes
configure:9551: checking whether C++ preprocessor accepts -D_FORTIFY_SOURCE=2
configure:9570: g++ -E  -DBOOST_SPIRIT_THREADSAFE -DHAVE_BUILD_INFO -D__STDC_FORMAT_MACROS  -D_FORTIFY_SOURCE=2 conftest.cpp
configure:9570: $? = 0
configure:9578: result: yes
configure:9582: checking whether C++ preprocessor accepts -U_FORTIFY_SOURCE
configure:9601: g++ -E  -DBOOST_SPIRIT_THREADSAFE -DHAVE_BUILD_INFO -D__STDC_FORMAT_MACROS  -U_FORTIFY_SOURCE conftest.cpp
configure:9601: $? = 0
configure:9609: result: yes
configure:9626: checking whether the linker accepts -Wl,--dynamicbase
configure:9645: g++ -o conftest -I/dlibs/linux/x86_64/include -I/dlibs/linux/x86_64/include/boost_1_57_0 -I/dlibs/linux/x86_64/include/openssl -O2 -Wno-main   -Wno-deprecated-declarations -Wno-sign-compare -Wno-format -Wno-stack-protector -fPIC  -DBOOST_SPIRIT_THREADSAFE -DHAVE_BUILD_INFO -D__STDC_FORMAT_MACROS -L/dlibs/linux/x86_64/lib -L/dlibs/linux/x86_64/plugins/platforms  -Wl,--dynamicbase conftest.cpp  >&5
/usr/bin/ld: unrecognized option '--dynamicbase'
/usr/bin/ld: use the --help option for usage information
collect2: error: ld returned 1 exit status
configure:9645: $? = 1
configure: failed program was:
| /* confdefs.h */
| #define PACKAGE_NAME "Platinumcoin Core"
| #define PACKAGE_TARNAME "platinumcoin"
| #define PACKAGE_VERSION "0.1.4"
| #define PACKAGE_STRING "Platinumcoin Core 0.1.4"
| #define PACKAGE_BUGREPORT "info@platinumcoin.org"
| #define PACKAGE_URL ""
| #define STDC_HEADERS 1
| #define HAVE_SYS_TYPES_H 1
| #define HAVE_SYS_STAT_H 1
| #define HAVE_STDLIB_H 1
| #define HAVE_STRING_H 1
| #define HAVE_MEMORY_H 1
| #define HAVE_STRINGS_H 1
| #define HAVE_INTTYPES_H 1
| #define HAVE_STDINT_H 1
| #define HAVE_UNISTD_H 1
| #define HAVE_PTHREAD_PRIO_INHERIT 1
| #define HAVE_PTHREAD 1
| /* end confdefs.h.  */
| 
| int
| main ()
| {
| 
|   ;
|   return 0;
| }
configure:9654: result: no
configure:9662: checking whether the linker accepts -Wl,--nxcompat
configure:9681: g++ -o conftest -I/dlibs/linux/x86_64/include -I/dlibs/linux/x86_64/include/boost_1_57_0 -I/dlibs/linux/x86_64/include/openssl -O2 -Wno-main   -Wno-deprecated-declarations -Wno-sign-compare -Wno-format -Wno-stack-protector -fPIC  -DBOOST_SPIRIT_THREADSAFE -DHAVE_BUILD_INFO -D__STDC_FORMAT_MACROS -L/dlibs/linux/x86_64/lib -L/dlibs/linux/x86_64/plugins/platforms  -Wl,--nxcompat conftest.cpp  >&5
/usr/bin/ld: unrecognized option '--nxcompat'
/usr/bin/ld: use the --help option for usage information
collect2: error: ld returned 1 exit status
configure:9681: $? = 1
configure: failed program was:
| /* confdefs.h */
| #define PACKAGE_NAME "Platinumcoin Core"
| #define PACKAGE_TARNAME "platinumcoin"
| #define PACKAGE_VERSION "0.1.4"
| #define PACKAGE_STRING "Platinumcoin Core 0.1.4"
| #define PACKAGE_BUGREPORT "info@platinumcoin.org"
| #define PACKAGE_URL ""
| #define STDC_HEADERS 1
| #define HAVE_SYS_TYPES_H 1
| #define HAVE_SYS_STAT_H 1
| #define HAVE_STDLIB_H 1
| #define HAVE_STRING_H 1
| #define HAVE_MEMORY_H 1
| #define HAVE_STRINGS_H 1
| #define HAVE_INTTYPES_H 1
| #define HAVE_STDINT_H 1
| #define HAVE_UNISTD_H 1
| #define HAVE_PTHREAD_PRIO_INHERIT 1
| #define HAVE_PTHREAD 1
| /* end confdefs.h.  */
| 
| int
| main ()
| {
| 
|   ;
|   return 0;
| }
configure:9690: result: no
configure:9698: checking whether the linker accepts -Wl,-z,relro
configure:9717: g++ -o conftest -I/dlibs/linux/x86_64/include -I/dlibs/linux/x86_64/include/boost_1_57_0 -I/dlibs/linux/x86_64/include/openssl -O2 -Wno-main   -Wno-deprecated-declarations -Wno-sign-compare -Wno-format -Wno-stack-protector -fPIC  -DBOOST_SPIRIT_THREADSAFE -DHAVE_BUILD_INFO -D__STDC_FORMAT_MACROS -L/dlibs/linux/x86_64/lib -L/dlibs/linux/x86_64/plugins/platforms  -Wl,-z,relro conftest.cpp  >&5
configure:9717: $? = 0
configure:9726: result: yes
configure:9734: checking whether the linker accepts -Wl,-z,now
configure:9753: g++ -o conftest -I/dlibs/linux/x86_64/include -I/dlibs/linux/x86_64/include/boost_1_57_0 -I/dlibs/linux/x86_64/include/openssl -O2 -Wno-main   -Wno-deprecated-declarations -Wno-sign-compare -Wno-format -Wno-stack-protector -fPIC  -DBOOST_SPIRIT_THREADSAFE -DHAVE_BUILD_INFO -D__STDC_FORMAT_MACROS -L/dlibs/linux/x86_64/lib -L/dlibs/linux/x86_64/plugins/platforms  -Wl,-z,now conftest.cpp  >&5
configure:9753: $? = 0
configure:9762: result: yes
configure:9773: checking whether the linker accepts -pie
configure:9792: g++ -o conftest -I/dlibs/linux/x86_64/include -I/dlibs/linux/x86_64/include/boost_1_57_0 -I/dlibs/linux/x86_64/include/openssl -O2 -Wno-main   -Wno-deprecated-declarations -Wno-sign-compare -Wno-format -Wno-stack-protector -fPIC  -DBOOST_SPIRIT_THREADSAFE -DHAVE_BUILD_INFO -D__STDC_FORMAT_MACROS -L/dlibs/linux/x86_64/lib -L/dlibs/linux/x86_64/plugins/platforms  -pie conftest.cpp  >&5
configure:9792: $? = 0
configure:9801: result: yes
configure:9859: checking stdio.h usability
configure:9859: g++ -c -I/dlibs/linux/x86_64/include -I/dlibs/linux/x86_64/include/boost_1_57_0 -I/dlibs/linux/x86_64/include/openssl -O2 -Wno-main   -Wno-deprecated-declarations -Wno-sign-compare -Wno-format -Wno-stack-protector -fPIC  -Wstack-protector -fstack-protector-all -fPIE  -DBOOST_SPIRIT_THREADSAFE -DHAVE_BUILD_INFO -D__STDC_FORMAT_MACROS  -U_FORTIFY_SOURCE -D_FORTIFY_SOURCE=2 conftest.cpp >&5
configure:9859: $? = 0
configure:9859: result: yes
configure:9859: checking stdio.h presence
configure:9859: g++ -E  -DBOOST_SPIRIT_THREADSAFE -DHAVE_BUILD_INFO -D__STDC_FORMAT_MACROS  -U_FORTIFY_SOURCE -D_FORTIFY_SOURCE=2 conftest.cpp
In file included from /usr/include/stdio.h:27:0,
                 from conftest.cpp:21:
/usr/include/features.h:330:4: warning: #warning _FORTIFY_SOURCE requires compiling with optimization (-O) [-Wcpp]
 #  warning _FORTIFY_SOURCE requires compiling with optimization (-O)
    ^
configure:9859: $? = 0
configure:9859: result: yes
configure:9859: checking for stdio.h
configure:9859: result: yes
configure:9859: checking for stdlib.h
configure:9859: result: yes
configure:9859: checking for unistd.h
configure:9859: result: yes
configure:9859: checking for strings.h
configure:9859: result: yes
configure:9859: checking for sys/types.h
configure:9859: result: yes
configure:9859: checking for sys/stat.h
configure:9859: result: yes
configure:9870: checking for MSG_NOSIGNAL
configure:9883: g++ -c -I/dlibs/linux/x86_64/include -I/dlibs/linux/x86_64/include/boost_1_57_0 -I/dlibs/linux/x86_64/include/openssl -O2 -Wno-main   -Wno-deprecated-declarations -Wno-sign-compare -Wno-format -Wno-stack-protector -fPIC  -Wstack-protector -fstack-protector-all -fPIE  -DBOOST_SPIRIT_THREADSAFE -DHAVE_BUILD_INFO -D__STDC_FORMAT_MACROS  -U_FORTIFY_SOURCE -D_FORTIFY_SOURCE=2 conftest.cpp >&5
configure:9883: $? = 0
configure:9884: result: yes
configure:9912: checking for Berkeley DB C++ headers
configure:9943: g++ -c -I/dlibs/linux/x86_64/include -I/dlibs/linux/x86_64/include/boost_1_57_0 -I/dlibs/linux/x86_64/include/openssl -O2 -Wno-main   -Wno-deprecated-declarations -Wno-sign-compare -Wno-format -Wno-stack-protector -fPIC  -Wstack-protector -fstack-protector-all -fPIE  -DBOOST_SPIRIT_THREADSAFE -DHAVE_BUILD_INFO -D__STDC_FORMAT_MACROS  -U_FORTIFY_SOURCE -D_FORTIFY_SOURCE=2 conftest.cpp >&5
configure:9943: $? = 0
configure:9972: g++ -c -I/dlibs/linux/x86_64/include -I/dlibs/linux/x86_64/include/boost_1_57_0 -I/dlibs/linux/x86_64/include/openssl -O2 -Wno-main   -Wno-deprecated-declarations -Wno-sign-compare -Wno-format -Wno-stack-protector -fPIC  -Wstack-protector -fstack-protector-all -fPIE  -DBOOST_SPIRIT_THREADSAFE -DHAVE_BUILD_INFO -D__STDC_FORMAT_MACROS  -U_FORTIFY_SOURCE -D_FORTIFY_SOURCE=2 conftest.cpp >&5
configure:9972: $? = 0
configure:10020: result: 
configure:10034: checking for main in -ldb_cxx-4.8
configure:10053: g++ -o conftest -I/dlibs/linux/x86_64/include -I/dlibs/linux/x86_64/include/boost_1_57_0 -I/dlibs/linux/x86_64/include/openssl -O2 -Wno-main   -Wno-deprecated-declarations -Wno-sign-compare -Wno-format -Wno-stack-protector -fPIC  -Wstack-protector -fstack-protector-all -fPIE  -DBOOST_SPIRIT_THREADSAFE -DHAVE_BUILD_INFO -D__STDC_FORMAT_MACROS  -U_FORTIFY_SOURCE -D_FORTIFY_SOURCE=2 -L/dlibs/linux/x86_64/lib -L/dlibs/linux/x86_64/plugins/platforms  -Wl,-z,relro -Wl,-z,now -pie conftest.cpp -ldb_cxx-4.8   >&5
configure:10053: $? = 0
configure:10063: result: yes
configure:10084: checking miniupnpc/miniwget.h usability
configure:10084: g++ -c -I/dlibs/linux/x86_64/include -I/dlibs/linux/x86_64/include/boost_1_57_0 -I/dlibs/linux/x86_64/include/openssl -O2 -Wno-main   -Wno-deprecated-declarations -Wno-sign-compare -Wno-format -Wno-stack-protector -fPIC  -Wstack-protector -fstack-protector-all -fPIE  -DBOOST_SPIRIT_THREADSAFE -DHAVE_BUILD_INFO -D__STDC_FORMAT_MACROS  -U_FORTIFY_SOURCE -D_FORTIFY_SOURCE=2 conftest.cpp >&5
configure:10084: $? = 0
configure:10084: result: yes
configure:10084: checking miniupnpc/miniwget.h presence
configure:10084: g++ -E  -DBOOST_SPIRIT_THREADSAFE -DHAVE_BUILD_INFO -D__STDC_FORMAT_MACROS  -U_FORTIFY_SOURCE -D_FORTIFY_SOURCE=2 conftest.cpp
conftest.cpp:28:32: fatal error: miniupnpc/miniwget.h: No such file or directory
 #include <miniupnpc/miniwget.h>
                                ^
compilation terminated.
configure:10084: $? = 1
configure: failed program was:
| /* confdefs.h */
| #define PACKAGE_NAME "Platinumcoin Core"
| #define PACKAGE_TARNAME "platinumcoin"
| #define PACKAGE_VERSION "0.1.4"
| #define PACKAGE_STRING "Platinumcoin Core 0.1.4"
| #define PACKAGE_BUGREPORT "info@platinumcoin.org"
| #define PACKAGE_URL ""
| #define STDC_HEADERS 1
| #define HAVE_SYS_TYPES_H 1
| #define HAVE_SYS_STAT_H 1
| #define HAVE_STDLIB_H 1
| #define HAVE_STRING_H 1
| #define HAVE_MEMORY_H 1
| #define HAVE_STRINGS_H 1
| #define HAVE_INTTYPES_H 1
| #define HAVE_STDINT_H 1
| #define HAVE_UNISTD_H 1
| #define HAVE_PTHREAD_PRIO_INHERIT 1
| #define HAVE_PTHREAD 1
| #define HAVE_STDIO_H 1
| #define HAVE_STDLIB_H 1
| #define HAVE_UNISTD_H 1
| #define HAVE_STRINGS_H 1
| #define HAVE_SYS_TYPES_H 1
| #define HAVE_SYS_STAT_H 1
| #define HAVE_MSG_NOSIGNAL 1
| /* end confdefs.h.  */
| #include <miniupnpc/miniwget.h>
configure:10084: result: no
configure:10084: WARNING: miniupnpc/miniwget.h: accepted by the compiler, rejected by the preprocessor!
configure:10084: WARNING: miniupnpc/miniwget.h: proceeding with the compiler's result
configure:10084: checking for miniupnpc/miniwget.h
configure:10084: result: yes
configure:10089: checking for main in -lminiupnpc
configure:10108: g++ -o conftest -I/dlibs/linux/x86_64/include -I/dlibs/linux/x86_64/include/boost_1_57_0 -I/dlibs/linux/x86_64/include/openssl -O2 -Wno-main   -Wno-deprecated-declarations -Wno-sign-compare -Wno-format -Wno-stack-protector -fPIC  -Wstack-protector -fstack-protector-all -fPIE  -DBOOST_SPIRIT_THREADSAFE -DHAVE_BUILD_INFO -D__STDC_FORMAT_MACROS  -U_FORTIFY_SOURCE -D_FORTIFY_SOURCE=2 -L/dlibs/linux/x86_64/lib -L/dlibs/linux/x86_64/plugins/platforms  -Wl,-z,relro -Wl,-z,now -pie conftest.cpp -lminiupnpc   >&5
configure:10108: $? = 0
configure:10117: result: yes
configure:10084: checking miniupnpc/miniupnpc.h usability
configure:10084: g++ -c -I/dlibs/linux/x86_64/include -I/dlibs/linux/x86_64/include/boost_1_57_0 -I/dlibs/linux/x86_64/include/openssl -O2 -Wno-main   -Wno-deprecated-declarations -Wno-sign-compare -Wno-format -Wno-stack-protector -fPIC  -Wstack-protector -fstack-protector-all -fPIE  -DBOOST_SPIRIT_THREADSAFE -DHAVE_BUILD_INFO -D__STDC_FORMAT_MACROS  -U_FORTIFY_SOURCE -D_FORTIFY_SOURCE=2 conftest.cpp >&5
configure:10084: $? = 0
configure:10084: result: yes
configure:10084: checking miniupnpc/miniupnpc.h presence
configure:10084: g++ -E  -DBOOST_SPIRIT_THREADSAFE -DHAVE_BUILD_INFO -D__STDC_FORMAT_MACROS  -U_FORTIFY_SOURCE -D_FORTIFY_SOURCE=2 conftest.cpp
conftest.cpp:30:33: fatal error: miniupnpc/miniupnpc.h: No such file or directory
 #include <miniupnpc/miniupnpc.h>
                                 ^
compilation terminated.
configure:10084: $? = 1
configure: failed program was:
| /* confdefs.h */
| #define PACKAGE_NAME "Platinumcoin Core"
| #define PACKAGE_TARNAME "platinumcoin"
| #define PACKAGE_VERSION "0.1.4"
| #define PACKAGE_STRING "Platinumcoin Core 0.1.4"
| #define PACKAGE_BUGREPORT "info@platinumcoin.org"
| #define PACKAGE_URL ""
| #define STDC_HEADERS 1
| #define HAVE_SYS_TYPES_H 1
| #define HAVE_SYS_STAT_H 1
| #define HAVE_STDLIB_H 1
| #define HAVE_STRING_H 1
| #define HAVE_MEMORY_H 1
| #define HAVE_STRINGS_H 1
| #define HAVE_INTTYPES_H 1
| #define HAVE_STDINT_H 1
| #define HAVE_UNISTD_H 1
| #define HAVE_PTHREAD_PRIO_INHERIT 1
| #define HAVE_PTHREAD 1
| #define HAVE_STDIO_H 1
| #define HAVE_STDLIB_H 1
| #define HAVE_UNISTD_H 1
| #define HAVE_STRINGS_H 1
| #define HAVE_SYS_TYPES_H 1
| #define HAVE_SYS_STAT_H 1
| #define HAVE_MSG_NOSIGNAL 1
| #define HAVE_MINIUPNPC_MINIWGET_H 1
| #define HAVE_LIBMINIUPNPC 1
| /* end confdefs.h.  */
| #include <miniupnpc/miniupnpc.h>
configure:10084: result: no
configure:10084: WARNING: miniupnpc/miniupnpc.h: accepted by the compiler, rejected by the preprocessor!
configure:10084: WARNING: miniupnpc/miniupnpc.h: proceeding with the compiler's result
configure:10084: checking for miniupnpc/miniupnpc.h
configure:10084: result: yes
configure:10089: checking for main in -lminiupnpc
configure:10117: result: yes
configure:10084: checking miniupnpc/upnpcommands.h usability
configure:10084: g++ -c -I/dlibs/linux/x86_64/include -I/dlibs/linux/x86_64/include/boost_1_57_0 -I/dlibs/linux/x86_64/include/openssl -O2 -Wno-main   -Wno-deprecated-declarations -Wno-sign-compare -Wno-format -Wno-stack-protector -fPIC  -Wstack-protector -fstack-protector-all -fPIE  -DBOOST_SPIRIT_THREADSAFE -DHAVE_BUILD_INFO -D__STDC_FORMAT_MACROS  -U_FORTIFY_SOURCE -D_FORTIFY_SOURCE=2 conftest.cpp >&5
configure:10084: $? = 0
configure:10084: result: yes
configure:10084: checking miniupnpc/upnpcommands.h presence
configure:10084: g++ -E  -DBOOST_SPIRIT_THREADSAFE -DHAVE_BUILD_INFO -D__STDC_FORMAT_MACROS  -U_FORTIFY_SOURCE -D_FORTIFY_SOURCE=2 conftest.cpp
conftest.cpp:32:36: fatal error: miniupnpc/upnpcommands.h: No such file or directory
 #include <miniupnpc/upnpcommands.h>
                                    ^
compilation terminated.
configure:10084: $? = 1
configure: failed program was:
| /* confdefs.h */
| #define PACKAGE_NAME "Platinumcoin Core"
| #define PACKAGE_TARNAME "platinumcoin"
| #define PACKAGE_VERSION "0.1.4"
| #define PACKAGE_STRING "Platinumcoin Core 0.1.4"
| #define PACKAGE_BUGREPORT "info@platinumcoin.org"
| #define PACKAGE_URL ""
| #define STDC_HEADERS 1
| #define HAVE_SYS_TYPES_H 1
| #define HAVE_SYS_STAT_H 1
| #define HAVE_STDLIB_H 1
| #define HAVE_STRING_H 1
| #define HAVE_MEMORY_H 1
| #define HAVE_STRINGS_H 1
| #define HAVE_INTTYPES_H 1
| #define HAVE_STDINT_H 1
| #define HAVE_UNISTD_H 1
| #define HAVE_PTHREAD_PRIO_INHERIT 1
| #define HAVE_PTHREAD 1
| #define HAVE_STDIO_H 1
| #define HAVE_STDLIB_H 1
| #define HAVE_UNISTD_H 1
| #define HAVE_STRINGS_H 1
| #define HAVE_SYS_TYPES_H 1
| #define HAVE_SYS_STAT_H 1
| #define HAVE_MSG_NOSIGNAL 1
| #define HAVE_MINIUPNPC_MINIWGET_H 1
| #define HAVE_LIBMINIUPNPC 1
| #define HAVE_MINIUPNPC_MINIUPNPC_H 1
| #define HAVE_LIBMINIUPNPC 1
| /* end confdefs.h.  */
| #include <miniupnpc/upnpcommands.h>
configure:10084: result: no
configure:10084: WARNING: miniupnpc/upnpcommands.h: accepted by the compiler, rejected by the preprocessor!
configure:10084: WARNING: miniupnpc/upnpcommands.h: proceeding with the compiler's result
configure:10084: checking for miniupnpc/upnpcommands.h
configure:10084: result: yes
configure:10089: checking for main in -lminiupnpc
configure:10117: result: yes
configure:10084: checking miniupnpc/upnperrors.h usability
configure:10084: g++ -c -I/dlibs/linux/x86_64/include -I/dlibs/linux/x86_64/include/boost_1_57_0 -I/dlibs/linux/x86_64/include/openssl -O2 -Wno-main   -Wno-deprecated-declarations -Wno-sign-compare -Wno-format -Wno-stack-protector -fPIC  -Wstack-protector -fstack-protector-all -fPIE  -DBOOST_SPIRIT_THREADSAFE -DHAVE_BUILD_INFO -D__STDC_FORMAT_MACROS  -U_FORTIFY_SOURCE -D_FORTIFY_SOURCE=2 conftest.cpp >&5
configure:10084: $? = 0
configure:10084: result: yes
configure:10084: checking miniupnpc/upnperrors.h presence
configure:10084: g++ -E  -DBOOST_SPIRIT_THREADSAFE -DHAVE_BUILD_INFO -D__STDC_FORMAT_MACROS  -U_FORTIFY_SOURCE -D_FORTIFY_SOURCE=2 conftest.cpp
conftest.cpp:34:34: fatal error: miniupnpc/upnperrors.h: No such file or directory
 #include <miniupnpc/upnperrors.h>
                                  ^
compilation terminated.
configure:10084: $? = 1
configure: failed program was:
| /* confdefs.h */
| #define PACKAGE_NAME "Platinumcoin Core"
| #define PACKAGE_TARNAME "platinumcoin"
| #define PACKAGE_VERSION "0.1.4"
| #define PACKAGE_STRING "Platinumcoin Core 0.1.4"
| #define PACKAGE_BUGREPORT "info@platinumcoin.org"
| #define PACKAGE_URL ""
| #define STDC_HEADERS 1
| #define HAVE_SYS_TYPES_H 1
| #define HAVE_SYS_STAT_H 1
| #define HAVE_STDLIB_H 1
| #define HAVE_STRING_H 1
| #define HAVE_MEMORY_H 1
| #define HAVE_STRINGS_H 1
| #define HAVE_INTTYPES_H 1
| #define HAVE_STDINT_H 1
| #define HAVE_UNISTD_H 1
| #define HAVE_PTHREAD_PRIO_INHERIT 1
| #define HAVE_PTHREAD 1
| #define HAVE_STDIO_H 1
| #define HAVE_STDLIB_H 1
| #define HAVE_UNISTD_H 1
| #define HAVE_STRINGS_H 1
| #define HAVE_SYS_TYPES_H 1
| #define HAVE_SYS_STAT_H 1
| #define HAVE_MSG_NOSIGNAL 1
| #define HAVE_MINIUPNPC_MINIWGET_H 1
| #define HAVE_LIBMINIUPNPC 1
| #define HAVE_MINIUPNPC_MINIUPNPC_H 1
| #define HAVE_LIBMINIUPNPC 1
| #define HAVE_MINIUPNPC_UPNPCOMMANDS_H 1
| #define HAVE_LIBMINIUPNPC 1
| /* end confdefs.h.  */
| #include <miniupnpc/upnperrors.h>
configure:10084: result: no
configure:10084: WARNING: miniupnpc/upnperrors.h: accepted by the compiler, rejected by the preprocessor!
configure:10084: WARNING: miniupnpc/upnperrors.h: proceeding with the compiler's result
configure:10084: checking for miniupnpc/upnperrors.h
configure:10084: result: yes
configure:10089: checking for main in -lminiupnpc
configure:10117: result: yes
configure:10139: checking gmp.h usability
configure:10139: g++ -c -I/dlibs/linux/x86_64/include -I/dlibs/linux/x86_64/include/boost_1_57_0 -I/dlibs/linux/x86_64/include/openssl -O2 -Wno-main   -Wno-deprecated-declarations -Wno-sign-compare -Wno-format -Wno-stack-protector -fPIC  -Wstack-protector -fstack-protector-all -fPIE  -DBOOST_SPIRIT_THREADSAFE -DHAVE_BUILD_INFO -D__STDC_FORMAT_MACROS  -U_FORTIFY_SOURCE -D_FORTIFY_SOURCE=2 conftest.cpp >&5
configure:10139: $? = 0
configure:10139: result: yes
configure:10139: checking gmp.h presence
configure:10139: g++ -E  -DBOOST_SPIRIT_THREADSAFE -DHAVE_BUILD_INFO -D__STDC_FORMAT_MACROS  -U_FORTIFY_SOURCE -D_FORTIFY_SOURCE=2 conftest.cpp
conftest.cpp:36:17: fatal error: gmp.h: No such file or directory
 #include <gmp.h>
                 ^
compilation terminated.
configure:10139: $? = 1
configure: failed program was:
| /* confdefs.h */
| #define PACKAGE_NAME "Platinumcoin Core"
| #define PACKAGE_TARNAME "platinumcoin"
| #define PACKAGE_VERSION "0.1.4"
| #define PACKAGE_STRING "Platinumcoin Core 0.1.4"
| #define PACKAGE_BUGREPORT "info@platinumcoin.org"
| #define PACKAGE_URL ""
| #define STDC_HEADERS 1
| #define HAVE_SYS_TYPES_H 1
| #define HAVE_SYS_STAT_H 1
| #define HAVE_STDLIB_H 1
| #define HAVE_STRING_H 1
| #define HAVE_MEMORY_H 1
| #define HAVE_STRINGS_H 1
| #define HAVE_INTTYPES_H 1
| #define HAVE_STDINT_H 1
| #define HAVE_UNISTD_H 1
| #define HAVE_PTHREAD_PRIO_INHERIT 1
| #define HAVE_PTHREAD 1
| #define HAVE_STDIO_H 1
| #define HAVE_STDLIB_H 1
| #define HAVE_UNISTD_H 1
| #define HAVE_STRINGS_H 1
| #define HAVE_SYS_TYPES_H 1
| #define HAVE_SYS_STAT_H 1
| #define HAVE_MSG_NOSIGNAL 1
| #define HAVE_MINIUPNPC_MINIWGET_H 1
| #define HAVE_LIBMINIUPNPC 1
| #define HAVE_MINIUPNPC_MINIUPNPC_H 1
| #define HAVE_LIBMINIUPNPC 1
| #define HAVE_MINIUPNPC_UPNPCOMMANDS_H 1
| #define HAVE_LIBMINIUPNPC 1
| #define HAVE_MINIUPNPC_UPNPERRORS_H 1
| #define HAVE_LIBMINIUPNPC 1
| /* end confdefs.h.  */
| #include <gmp.h>
configure:10139: result: no
configure:10139: WARNING: gmp.h: accepted by the compiler, rejected by the preprocessor!
configure:10139: WARNING: gmp.h: proceeding with the compiler's result
configure:10139: checking for gmp.h
configure:10139: result: yes
configure:10147: checking gmpxx.h usability
configure:10147: g++ -c -I/dlibs/linux/x86_64/include -I/dlibs/linux/x86_64/include/boost_1_57_0 -I/dlibs/linux/x86_64/include/openssl -O2 -Wno-main   -Wno-deprecated-declarations -Wno-sign-compare -Wno-format -Wno-stack-protector -fPIC  -Wstack-protector -fstack-protector-all -fPIE  -DBOOST_SPIRIT_THREADSAFE -DHAVE_BUILD_INFO -D__STDC_FORMAT_MACROS  -U_FORTIFY_SOURCE -D_FORTIFY_SOURCE=2 conftest.cpp >&5
configure:10147: $? = 0
configure:10147: result: yes
configure:10147: checking gmpxx.h presence
configure:10147: g++ -E  -DBOOST_SPIRIT_THREADSAFE -DHAVE_BUILD_INFO -D__STDC_FORMAT_MACROS  -U_FORTIFY_SOURCE -D_FORTIFY_SOURCE=2 conftest.cpp
conftest.cpp:36:19: fatal error: gmpxx.h: No such file or directory
 #include <gmpxx.h>
                   ^
compilation terminated.
configure:10147: $? = 1
configure: failed program was:
| /* confdefs.h */
| #define PACKAGE_NAME "Platinumcoin Core"
| #define PACKAGE_TARNAME "platinumcoin"
| #define PACKAGE_VERSION "0.1.4"
| #define PACKAGE_STRING "Platinumcoin Core 0.1.4"
| #define PACKAGE_BUGREPORT "info@platinumcoin.org"
| #define PACKAGE_URL ""
| #define STDC_HEADERS 1
| #define HAVE_SYS_TYPES_H 1
| #define HAVE_SYS_STAT_H 1
| #define HAVE_STDLIB_H 1
| #define HAVE_STRING_H 1
| #define HAVE_MEMORY_H 1
| #define HAVE_STRINGS_H 1
| #define HAVE_INTTYPES_H 1
| #define HAVE_STDINT_H 1
| #define HAVE_UNISTD_H 1
| #define HAVE_PTHREAD_PRIO_INHERIT 1
| #define HAVE_PTHREAD 1
| #define HAVE_STDIO_H 1
| #define HAVE_STDLIB_H 1
| #define HAVE_UNISTD_H 1
| #define HAVE_STRINGS_H 1
| #define HAVE_SYS_TYPES_H 1
| #define HAVE_SYS_STAT_H 1
| #define HAVE_MSG_NOSIGNAL 1
| #define HAVE_MINIUPNPC_MINIWGET_H 1
| #define HAVE_LIBMINIUPNPC 1
| #define HAVE_MINIUPNPC_MINIUPNPC_H 1
| #define HAVE_LIBMINIUPNPC 1
| #define HAVE_MINIUPNPC_UPNPCOMMANDS_H 1
| #define HAVE_LIBMINIUPNPC 1
| #define HAVE_MINIUPNPC_UPNPERRORS_H 1
| #define HAVE_LIBMINIUPNPC 1
| /* end confdefs.h.  */
| #include <gmpxx.h>
configure:10147: result: no
configure:10147: WARNING: gmpxx.h: accepted by the compiler, rejected by the preprocessor!
configure:10147: WARNING: gmpxx.h: proceeding with the compiler's result
configure:10147: checking for gmpxx.h
configure:10147: result: yes
configure:10155: checking for main in -lgmp
configure:10174: g++ -o conftest -I/dlibs/linux/x86_64/include -I/dlibs/linux/x86_64/include/boost_1_57_0 -I/dlibs/linux/x86_64/include/openssl -O2 -Wno-main   -Wno-deprecated-declarations -Wno-sign-compare -Wno-format -Wno-stack-protector -fPIC  -Wstack-protector -fstack-protector-all -fPIE  -DBOOST_SPIRIT_THREADSAFE -DHAVE_BUILD_INFO -D__STDC_FORMAT_MACROS  -U_FORTIFY_SOURCE -D_FORTIFY_SOURCE=2 -L/dlibs/linux/x86_64/lib -L/dlibs/linux/x86_64/plugins/platforms  -Wl,-z,relro -Wl,-z,now -pie conftest.cpp -lgmp  -lminiupnpc -lminiupnpc -lminiupnpc -lminiupnpc  >&5
configure:10174: $? = 0
configure:10183: result: yes
configure:10196: checking for main in -lgmpxx
configure:10215: g++ -o conftest -I/dlibs/linux/x86_64/include -I/dlibs/linux/x86_64/include/boost_1_57_0 -I/dlibs/linux/x86_64/include/openssl -O2 -Wno-main   -Wno-deprecated-declarations -Wno-sign-compare -Wno-format -Wno-stack-protector -fPIC  -Wstack-protector -fstack-protector-all -fPIE  -DBOOST_SPIRIT_THREADSAFE -DHAVE_BUILD_INFO -D__STDC_FORMAT_MACROS  -U_FORTIFY_SOURCE -D_FORTIFY_SOURCE=2 -L/dlibs/linux/x86_64/lib -L/dlibs/linux/x86_64/plugins/platforms  -Wl,-z,relro -Wl,-z,now -pie conftest.cpp -lgmpxx  -lgmp -lminiupnpc -lminiupnpc -lminiupnpc -lminiupnpc  >&5
configure:10215: $? = 0
configure:10224: result: yes
configure:10286: checking for boostlib >= 1.20.0
configure:10366: g++ -c -I/dlibs/linux/x86_64/include -I/dlibs/linux/x86_64/include/boost_1_57_0 -I/dlibs/linux/x86_64/include/openssl -O2 -Wno-main   -Wno-deprecated-declarations -Wno-sign-compare -Wno-format -Wno-stack-protector -fPIC  -Wstack-protector -fstack-protector-all -fPIE  -DBOOST_SPIRIT_THREADSAFE -DHAVE_BUILD_INFO -D__STDC_FORMAT_MACROS  -U_FORTIFY_SOURCE -D_FORTIFY_SOURCE=2 -I/dlibs/linux/x86_64/include conftest.cpp >&5
conftest.cpp:39:33: fatal error: boost/version.hpp: No such file or directory
     #include <boost/version.hpp>
                                 ^
compilation terminated.
configure:10366: $? = 1
configure: failed program was:
| /* confdefs.h */
| #define PACKAGE_NAME "Platinumcoin Core"
| #define PACKAGE_TARNAME "platinumcoin"
| #define PACKAGE_VERSION "0.1.4"
| #define PACKAGE_STRING "Platinumcoin Core 0.1.4"
| #define PACKAGE_BUGREPORT "info@platinumcoin.org"
| #define PACKAGE_URL ""
| #define STDC_HEADERS 1
| #define HAVE_SYS_TYPES_H 1
| #define HAVE_SYS_STAT_H 1
| #define HAVE_STDLIB_H 1
| #define HAVE_STRING_H 1
| #define HAVE_MEMORY_H 1
| #define HAVE_STRINGS_H 1
| #define HAVE_INTTYPES_H 1
| #define HAVE_STDINT_H 1
| #define HAVE_UNISTD_H 1
| #define HAVE_PTHREAD_PRIO_INHERIT 1
| #define HAVE_PTHREAD 1
| #define HAVE_STDIO_H 1
| #define HAVE_STDLIB_H 1
| #define HAVE_UNISTD_H 1
| #define HAVE_STRINGS_H 1
| #define HAVE_SYS_TYPES_H 1
| #define HAVE_SYS_STAT_H 1
| #define HAVE_MSG_NOSIGNAL 1
| #define HAVE_MINIUPNPC_MINIWGET_H 1
| #define HAVE_LIBMINIUPNPC 1
| #define HAVE_MINIUPNPC_MINIUPNPC_H 1
| #define HAVE_LIBMINIUPNPC 1
| #define HAVE_MINIUPNPC_UPNPCOMMANDS_H 1
| #define HAVE_LIBMINIUPNPC 1
| #define HAVE_MINIUPNPC_UPNPERRORS_H 1
| #define HAVE_LIBMINIUPNPC 1
| #define HAVE_LIBGMP 1
| #define HAVE_LIBGMPXX 1
| /* end confdefs.h.  */
| 
|     #include <boost/version.hpp>
| 
| int
| main ()
| {
| 
|     #if BOOST_VERSION >= 102000
|     // Everything is okay
|     #else
|     #  error Boost version is too old
|     #endif
| 
|   ;
|   return 0;
| }
configure:10475: g++ -c -I/dlibs/linux/x86_64/include -I/dlibs/linux/x86_64/include/boost_1_57_0 -I/dlibs/linux/x86_64/include/openssl -O2 -Wno-main   -Wno-deprecated-declarations -Wno-sign-compare -Wno-format -Wno-stack-protector -fPIC  -Wstack-protector -fstack-protector-all -fPIE  -DBOOST_SPIRIT_THREADSAFE -DHAVE_BUILD_INFO -D__STDC_FORMAT_MACROS  -U_FORTIFY_SOURCE -D_FORTIFY_SOURCE=2 -I/dlibs/linux/x86_64/include -I/dlibs/linux/x86_64/include/boost-1_57 conftest.cpp >&5
configure:10475: $? = 0
configure:10477: result: yes
configure:10552: checking whether the Boost::System library is available
configure:10576: g++ -c -I/dlibs/linux/x86_64/include -I/dlibs/linux/x86_64/include/boost_1_57_0 -I/dlibs/linux/x86_64/include/openssl -O2 -Wno-main   -Wno-deprecated-declarations -Wno-sign-compare -Wno-format -Wno-stack-protector -fPIC  -Wstack-protector -fstack-protector-all -fPIE  -DBOOST_SPIRIT_THREADSAFE -DHAVE_BUILD_INFO -D__STDC_FORMAT_MACROS  -U_FORTIFY_SOURCE -D_FORTIFY_SOURCE=2 -I/dlibs/linux/x86_64/include/boost-1_57 conftest.cpp >&5
configure:10576: $? = 0
configure:10591: result: yes
configure:10704: checking for exit in -lboost_system-gcc48-mt-s-1_57
configure:10729: g++ -o conftest -I/dlibs/linux/x86_64/include -I/dlibs/linux/x86_64/include/boost_1_57_0 -I/dlibs/linux/x86_64/include/openssl -O2 -Wno-main   -Wno-deprecated-declarations -Wno-sign-compare -Wno-format -Wno-stack-protector -fPIC  -Wstack-protector -fstack-protector-all -fPIE  -DBOOST_SPIRIT_THREADSAFE -DHAVE_BUILD_INFO -D__STDC_FORMAT_MACROS  -U_FORTIFY_SOURCE -D_FORTIFY_SOURCE=2 -I/dlibs/linux/x86_64/include/boost-1_57 -L/dlibs/linux/x86_64/lib -L/dlibs/linux/x86_64/plugins/platforms  -Wl,-z,relro -Wl,-z,now -pie -L/dlibs/linux/x86_64/lib conftest.cpp -lboost_system-gcc48-mt-s-1_57  -lgmpxx -lgmp -lminiupnpc -lminiupnpc -lminiupnpc -lminiupnpc  >&5
configure:10729: $? = 0
configure:10739: result: yes
configure:10797: checking whether the Boost::Filesystem library is available
configure:10821: g++ -c -I/dlibs/linux/x86_64/include -I/dlibs/linux/x86_64/include/boost_1_57_0 -I/dlibs/linux/x86_64/include/openssl -O2 -Wno-main   -Wno-deprecated-declarations -Wno-sign-compare -Wno-format -Wno-stack-protector -fPIC  -Wstack-protector -fstack-protector-all -fPIE  -DBOOST_SPIRIT_THREADSAFE -DHAVE_BUILD_INFO -D__STDC_FORMAT_MACROS  -U_FORTIFY_SOURCE -D_FORTIFY_SOURCE=2 -I/dlibs/linux/x86_64/include/boost-1_57 conftest.cpp >&5
configure:10821: $? = 0
configure:10835: result: yes
configure:10943: checking for exit in -lboost_filesystem-gcc48-mt-s-1_57
configure:10968: g++ -o conftest -I/dlibs/linux/x86_64/include -I/dlibs/linux/x86_64/include/boost_1_57_0 -I/dlibs/linux/x86_64/include/openssl -O2 -Wno-main   -Wno-deprecated-declarations -Wno-sign-compare -Wno-format -Wno-stack-protector -fPIC  -Wstack-protector -fstack-protector-all -fPIE  -DBOOST_SPIRIT_THREADSAFE -DHAVE_BUILD_INFO -D__STDC_FORMAT_MACROS  -U_FORTIFY_SOURCE -D_FORTIFY_SOURCE=2 -I/dlibs/linux/x86_64/include/boost-1_57 -L/dlibs/linux/x86_64/lib -L/dlibs/linux/x86_64/plugins/platforms  -Wl,-z,relro -Wl,-z,now -pie -L/dlibs/linux/x86_64/lib conftest.cpp -lboost_filesystem-gcc48-mt-s-1_57  -lgmpxx -lgmp -lminiupnpc -lminiupnpc -lminiupnpc -lminiupnpc  -lboost_system-gcc48-mt-s-1_57 >&5
configure:10968: $? = 0
configure:10978: result: yes
configure:11032: checking whether the Boost::Program_Options library is available
configure:11056: g++ -c -I/dlibs/linux/x86_64/include -I/dlibs/linux/x86_64/include/boost_1_57_0 -I/dlibs/linux/x86_64/include/openssl -O2 -Wno-main   -Wno-deprecated-declarations -Wno-sign-compare -Wno-format -Wno-stack-protector -fPIC  -Wstack-protector -fstack-protector-all -fPIE  -DBOOST_SPIRIT_THREADSAFE -DHAVE_BUILD_INFO -D__STDC_FORMAT_MACROS  -U_FORTIFY_SOURCE -D_FORTIFY_SOURCE=2 -I/dlibs/linux/x86_64/include/boost-1_57 conftest.cpp >&5
configure:11056: $? = 0
configure:11070: result: yes
configure:11178: checking for main in -lboost_program_options-gcc48-mt-s-1_57
configure:11197: g++ -o conftest -I/dlibs/linux/x86_64/include -I/dlibs/linux/x86_64/include/boost_1_57_0 -I/dlibs/linux/x86_64/include/openssl -O2 -Wno-main   -Wno-deprecated-declarations -Wno-sign-compare -Wno-format -Wno-stack-protector -fPIC  -Wstack-protector -fstack-protector-all -fPIE  -DBOOST_SPIRIT_THREADSAFE -DHAVE_BUILD_INFO -D__STDC_FORMAT_MACROS  -U_FORTIFY_SOURCE -D_FORTIFY_SOURCE=2 -I/dlibs/linux/x86_64/include/boost-1_57 -L/dlibs/linux/x86_64/lib -L/dlibs/linux/x86_64/plugins/platforms  -Wl,-z,relro -Wl,-z,now -pie -L/dlibs/linux/x86_64/lib conftest.cpp -lboost_program_options-gcc48-mt-s-1_57  -lgmpxx -lgmp -lminiupnpc -lminiupnpc -lminiupnpc -lminiupnpc  >&5
configure:11197: $? = 0
configure:11207: result: yes
configure:11260: checking whether the Boost::Thread library is available
configure:11292: g++ -c -pthread -I/dlibs/linux/x86_64/include -I/dlibs/linux/x86_64/include/boost_1_57_0 -I/dlibs/linux/x86_64/include/openssl -O2 -Wno-main   -Wno-deprecated-declarations -Wno-sign-compare -Wno-format -Wno-stack-protector -fPIC  -Wstack-protector -fstack-protector-all -fPIE  -DBOOST_SPIRIT_THREADSAFE -DHAVE_BUILD_INFO -D__STDC_FORMAT_MACROS  -U_FORTIFY_SOURCE -D_FORTIFY_SOURCE=2 -I/dlibs/linux/x86_64/include/boost-1_57 conftest.cpp >&5
configure:11292: $? = 0
configure:11307: result: yes
configure:11434: checking for exit in -lboost_thread-gcc48-mt-s-1_57
configure:11459: g++ -o conftest -I/dlibs/linux/x86_64/include -I/dlibs/linux/x86_64/include/boost_1_57_0 -I/dlibs/linux/x86_64/include/openssl -O2 -Wno-main   -Wno-deprecated-declarations -Wno-sign-compare -Wno-format -Wno-stack-protector -fPIC  -Wstack-protector -fstack-protector-all -fPIE  -DBOOST_SPIRIT_THREADSAFE -DHAVE_BUILD_INFO -D__STDC_FORMAT_MACROS  -U_FORTIFY_SOURCE -D_FORTIFY_SOURCE=2 -I/dlibs/linux/x86_64/include/boost-1_57 -L/dlibs/linux/x86_64/lib -L/dlibs/linux/x86_64/plugins/platforms  -Wl,-z,relro -Wl,-z,now -pie -L/dlibs/linux/x86_64/lib conftest.cpp -lboost_thread-gcc48-mt-s-1_57  -lgmpxx -lgmp -lminiupnpc -lminiupnpc -lminiupnpc -lminiupnpc  >&5
configure:11459: $? = 0
configure:11469: result: yes
configure:11532: checking whether the Boost::Chrono library is available
configure:11556: g++ -c -I/dlibs/linux/x86_64/include -I/dlibs/linux/x86_64/include/boost_1_57_0 -I/dlibs/linux/x86_64/include/openssl -O2 -Wno-main   -Wno-deprecated-declarations -Wno-sign-compare -Wno-format -Wno-stack-protector -fPIC  -Wstack-protector -fstack-protector-all -fPIE  -DBOOST_SPIRIT_THREADSAFE -DHAVE_BUILD_INFO -D__STDC_FORMAT_MACROS  -U_FORTIFY_SOURCE -D_FORTIFY_SOURCE=2 -pthread -I/dlibs/linux/x86_64/include/boost-1_57 conftest.cpp >&5
configure:11556: $? = 0
configure:11571: result: yes
configure:11684: checking for exit in -lboost_chrono-gcc48-mt-s-1_57
configure:11709: g++ -o conftest -I/dlibs/linux/x86_64/include -I/dlibs/linux/x86_64/include/boost_1_57_0 -I/dlibs/linux/x86_64/include/openssl -O2 -Wno-main   -Wno-deprecated-declarations -Wno-sign-compare -Wno-format -Wno-stack-protector -fPIC  -Wstack-protector -fstack-protector-all -fPIE  -DBOOST_SPIRIT_THREADSAFE -DHAVE_BUILD_INFO -D__STDC_FORMAT_MACROS  -U_FORTIFY_SOURCE -D_FORTIFY_SOURCE=2 -pthread -I/dlibs/linux/x86_64/include/boost-1_57 -L/dlibs/linux/x86_64/lib -L/dlibs/linux/x86_64/plugins/platforms  -Wl,-z,relro -Wl,-z,now -pie -L/dlibs/linux/x86_64/lib conftest.cpp -lboost_chrono-gcc48-mt-s-1_57  -lgmpxx -lgmp -lminiupnpc -lminiupnpc -lminiupnpc -lminiupnpc  >&5
configure:11709: $? = 0
configure:11719: result: yes
configure:11989: g++ -o conftest -I/dlibs/linux/x86_64/include -I/dlibs/linux/x86_64/include/boost_1_57_0 -I/dlibs/linux/x86_64/include/openssl -O2 -Wno-main   -Wno-deprecated-declarations -Wno-sign-compare -Wno-format -Wno-stack-protector -fPIC  -Wstack-protector -fstack-protector-all -fPIE  -DBOOST_SPIRIT_THREADSAFE -DHAVE_BUILD_INFO -D__STDC_FORMAT_MACROS  -U_FORTIFY_SOURCE -D_FORTIFY_SOURCE=2 -pthread -I/dlibs/linux/x86_64/include/boost-1_57 -L/dlibs/linux/x86_64/lib -L/dlibs/linux/x86_64/plugins/platforms  -Wl,-z,relro -Wl,-z,now -pie conftest.cpp -lgmpxx -lgmp -lminiupnpc -lminiupnpc -lminiupnpc -lminiupnpc  -L/dlibs/linux/x86_64/lib -lboost_system-gcc48-mt-s-1_57 -lboost_filesystem-gcc48-mt-s-1_57 -lboost_program_options-gcc48-mt-s-1_57 -lboost_thread-gcc48-mt-s-1_57 -lboost_chrono-gcc48-mt-s-1_57  >&5
configure:11989: $? = 0
configure:12125: checking for SSL
configure:12190: result: yes
configure:12196: checking for CRYPTO
configure:12203: $PKG_CONFIG --exists --print-errors "libcrypto"
configure:12206: $? = 0
configure:12220: $PKG_CONFIG --exists --print-errors "libcrypto"
configure:12223: $? = 0
configure:12261: result: yes
configure:12270: checking for PROTOBUF
configure:12277: $PKG_CONFIG --exists --print-errors "protobuf"
configure:12280: $? = 0
configure:12294: $PKG_CONFIG --exists --print-errors "protobuf"
configure:12297: $? = 0
configure:12355: result: yes
configure:12370: checking for QR
configure:12377: $PKG_CONFIG --exists --print-errors "libqrencode"
configure:12380: $? = 0
configure:12394: $PKG_CONFIG --exists --print-errors "libqrencode"
configure:12397: $? = 0
configure:12435: result: yes
configure:12688: checking for protoc
configure:12706: found /dlibs/linux/x86_64/bin/protoc
configure:12718: result: /dlibs/linux/x86_64/bin/protoc
configure:12797: checking whether to build platinumcoind
configure:12807: result: yes
configure:12810: checking whether to build platinumcoin-cli
configure:12820: result: yes
configure:12931: checking for QT
configure:12938: $PKG_CONFIG --exists --print-errors "$qt4_modules"
Package QtCore was not found in the pkg-config search path.
Perhaps you should add the directory containing `QtCore.pc'
to the PKG_CONFIG_PATH environment variable
No package 'QtCore' found
Package QtGui was not found in the pkg-config search path.
Perhaps you should add the directory containing `QtGui.pc'
to the PKG_CONFIG_PATH environment variable
No package 'QtGui' found
Package QtNetwork was not found in the pkg-config search path.
Perhaps you should add the directory containing `QtNetwork.pc'
to the PKG_CONFIG_PATH environment variable
No package 'QtNetwork' found
configure:12941: $? = 1
configure:12955: $PKG_CONFIG --exists --print-errors "$qt4_modules"
Package QtCore was not found in the pkg-config search path.
Perhaps you should add the directory containing `QtCore.pc'
to the PKG_CONFIG_PATH environment variable
No package 'QtCore' found
Package QtGui was not found in the pkg-config search path.
Perhaps you should add the directory containing `QtGui.pc'
to the PKG_CONFIG_PATH environment variable
No package 'QtGui' found
Package QtNetwork was not found in the pkg-config search path.
Perhaps you should add the directory containing `QtNetwork.pc'
to the PKG_CONFIG_PATH environment variable
No package 'QtNetwork' found
configure:12958: $? = 1
configure:12972: result: no
No package 'QtCore' found
No package 'QtGui' found
No package 'QtNetwork' found
configure:13078: checking for QT
configure:13085: $PKG_CONFIG --exists --print-errors "$qt5_modules"
configure:13088: $? = 0
configure:13102: $PKG_CONFIG --exists --print-errors "$qt5_modules"
configure:13105: $? = 0
configure:13143: result: yes
configure:13175: checking for QT_TEST
configure:13182: $PKG_CONFIG --exists --print-errors "${QT_LIB_PREFIX}Test"
configure:13185: $? = 0
configure:13199: $PKG_CONFIG --exists --print-errors "${QT_LIB_PREFIX}Test"
configure:13202: $? = 0
configure:13240: result: yes
configure:13247: checking for QT_DBUS
configure:13254: $PKG_CONFIG --exists --print-errors "${QT_LIB_PREFIX}DBus"
configure:13257: $? = 0
configure:13271: $PKG_CONFIG --exists --print-errors "${QT_LIB_PREFIX}DBus"
configure:13274: $? = 0
configure:13312: result: yes
configure:14263: checking for moc-qt5
configure:14281: found /usr/bin/moc-qt5
configure:14293: result: /usr/bin/moc-qt5
configure:14381: checking for uic-qt5
configure:14399: found /usr/bin/uic-qt5
configure:14411: result: /usr/bin/uic-qt5
configure:14499: checking for rcc-qt5
configure:14517: found /usr/bin/rcc-qt5
configure:14529: result: /usr/bin/rcc-qt5
configure:14617: checking for lrelease-qt5
configure:14635: found /usr/bin/lrelease-qt5
configure:14647: result: /usr/bin/lrelease-qt5
configure:14735: checking for lupdate-qt5
configure:14753: found /usr/bin/lupdate-qt5
configure:14765: result: /usr/bin/lupdate-qt5
configure:14903: checking whether to build Platinumcoin Core GUI
configure:14933: result: yes (Qt5)
configure:14950: checking for operating system IPv6 support
configure:14976: g++ -o conftest -I/dlibs/linux/x86_64/include -I/dlibs/linux/x86_64/include/boost_1_57_0 -I/dlibs/linux/x86_64/include/openssl -O2 -Wno-main   -Wno-deprecated-declarations -Wno-sign-compare -Wno-format -Wno-stack-protector -fPIC  -Wstack-protector -fstack-protector-all -fPIE  -DBOOST_SPIRIT_THREADSAFE -DHAVE_BUILD_INFO -D__STDC_FORMAT_MACROS  -U_FORTIFY_SOURCE -D_FORTIFY_SOURCE=2 -L/dlibs/linux/x86_64/lib -L/dlibs/linux/x86_64/plugins/platforms  -Wl,-z,relro -Wl,-z,now -pie conftest.cpp -lgmpxx -lgmp -lminiupnpc -lminiupnpc -lminiupnpc -lminiupnpc  -L/dlibs/linux/x86_64/lib -lssl -lz -lpng -ldl -L/dlibs/linux/x86_64/lib -lcrypto   >&5
configure:14976: $? = 0
configure:14977: result: yes
configure:14996: checking if ccache should be used
configure:15009: result: no
configure:15013: checking if wallet should be enabled
configure:15016: result: yes
configure:15029: checking whether to build with support for IPv6
configure:15039: result: yes
configure:15050: checking whether to build with support for UPnP
configure:15060: result: yes
configure:15062: checking whether to build with UPnP enabled by default
configure:15071: result: yes
configure:15089: checking whether to build GUI with support for D-Bus
configure:15096: result: yes
configure:15099: checking whether to build GUI with support for QR codes
configure:15109: result: yes
configure:15126: checking whether to build test_platinumcoin-qt
configure:15133: result: no
configure:15138: checking whether to build test_platinumcoin
configure:15145: result: no
configure:15375: checking that generated files are newer than configure
configure:15381: result: done
configure:15465: creating ./config.status

## ---------------------- ##
## Running config.status. ##
## ---------------------- ##

This file was extended by Platinumcoin Core config.status 0.1.4, which was
generated by GNU Autoconf 2.69.  Invocation command line was

  CONFIG_FILES    = 
  CONFIG_HEADERS  = 
  CONFIG_LINKS    = 
  CONFIG_COMMANDS = 
  $ ./config.status 

on kamalix

config.status:1035: creating Makefile
config.status:1035: creating src/Makefile
config.status:1035: creating src/test/Makefile
config.status:1035: creating src/qt/Makefile
config.status:1035: creating src/qt/test/Makefile
config.status:1035: creating share/setup.nsi
config.status:1035: creating share/qt/Info.plist
config.status:1035: creating qa/pull-tester/run-platinumcoind-for-test.sh
config.status:1035: creating qa/pull-tester/build-tests.sh
config.status:1035: creating src/platinumcoin-config.h
config.status:1216: src/platinumcoin-config.h is unchanged
config.status:1264: executing depfiles commands

## ---------------- ##
## Cache variables. ##
## ---------------- ##

ac_cv_build=x86_64-unknown-linux-gnu
ac_cv_c_bigendian=no
ac_cv_c_compiler_gnu=yes
ac_cv_cxx_compiler_gnu=yes
ac_cv_env_CCC_set=
ac_cv_env_CCC_value=
ac_cv_env_CC_set=
ac_cv_env_CC_value=
ac_cv_env_CFLAGS_set=
ac_cv_env_CFLAGS_value=
ac_cv_env_CPPFLAGS_set=
ac_cv_env_CPPFLAGS_value=
ac_cv_env_CPP_set=
ac_cv_env_CPP_value=
ac_cv_env_CRYPTO_CFLAGS_set=
ac_cv_env_CRYPTO_CFLAGS_value=
ac_cv_env_CRYPTO_LIBS_set=
ac_cv_env_CRYPTO_LIBS_value=
ac_cv_env_CXXCPP_set=
ac_cv_env_CXXCPP_value=
ac_cv_env_CXXFLAGS_set=set
ac_cv_env_CXXFLAGS_value='-I/dlibs/linux/x86_64/include -I/dlibs/linux/x86_64/include/boost_1_57_0 -I/dlibs/linux/x86_64/include/openssl -O2 -Wno-main   -Wno-deprecated-declarations -Wno-sign-compare -Wno-format -Wno-stack-protector -fPIC'
ac_cv_env_CXX_set=
ac_cv_env_CXX_value=
ac_cv_env_LDFLAGS_set=set
ac_cv_env_LDFLAGS_value='-L/dlibs/linux/x86_64/lib -L/dlibs/linux/x86_64/plugins/platforms'
ac_cv_env_LIBS_set=
ac_cv_env_LIBS_value=
ac_cv_env_OBJCFLAGS_set=
ac_cv_env_OBJCFLAGS_value=
ac_cv_env_OBJCXXFLAGS_set=
ac_cv_env_OBJCXXFLAGS_value=
ac_cv_env_OBJCXX_set=
ac_cv_env_OBJCXX_value=
ac_cv_env_OBJC_set=
ac_cv_env_OBJC_value=
ac_cv_env_PKG_CONFIG_LIBDIR_set=
ac_cv_env_PKG_CONFIG_LIBDIR_value=
ac_cv_env_PKG_CONFIG_PATH_set=set
ac_cv_env_PKG_CONFIG_PATH_value=/dlibs/linux/x86_64/lib/pkgconfig
ac_cv_env_PKG_CONFIG_set=
ac_cv_env_PKG_CONFIG_value=
ac_cv_env_PROTOBUF_CFLAGS_set=
ac_cv_env_PROTOBUF_CFLAGS_value=
ac_cv_env_PROTOBUF_LIBS_set=
ac_cv_env_PROTOBUF_LIBS_value=
ac_cv_env_QR_CFLAGS_set=
ac_cv_env_QR_CFLAGS_value=
ac_cv_env_QR_LIBS_set=
ac_cv_env_QR_LIBS_value=
ac_cv_env_QT_CFLAGS_set=
ac_cv_env_QT_CFLAGS_value=
ac_cv_env_QT_DBUS_CFLAGS_set=
ac_cv_env_QT_DBUS_CFLAGS_value=
ac_cv_env_QT_DBUS_LIBS_set=
ac_cv_env_QT_DBUS_LIBS_value=
ac_cv_env_QT_LIBS_set=
ac_cv_env_QT_LIBS_value=
ac_cv_env_QT_TEST_CFLAGS_set=
ac_cv_env_QT_TEST_CFLAGS_value=
ac_cv_env_QT_TEST_LIBS_set=
ac_cv_env_QT_TEST_LIBS_value=
ac_cv_env_SSL_CFLAGS_set=set
ac_cv_env_SSL_CFLAGS_value='-I/dlibs/linux/x86_64/include -O2 -Wcpp'
ac_cv_env_SSL_LIBS_set=set
ac_cv_env_SSL_LIBS_value='-L/dlibs/linux/x86_64/lib -lssl -lz -lpng -ldl'
ac_cv_env_build_alias_set=
ac_cv_env_build_alias_value=
ac_cv_env_host_alias_set=
ac_cv_env_host_alias_value=
ac_cv_env_target_alias_set=
ac_cv_env_target_alias_value=
ac_cv_header_gmp_h=yes
ac_cv_header_gmpxx_h=yes
ac_cv_header_inttypes_h=yes
ac_cv_header_memory_h=yes
ac_cv_header_miniupnpc_miniupnpc_h=yes
ac_cv_header_miniupnpc_miniwget_h=yes
ac_cv_header_miniupnpc_upnpcommands_h=yes
ac_cv_header_miniupnpc_upnperrors_h=yes
ac_cv_header_stdc=yes
ac_cv_header_stdint_h=yes
ac_cv_header_stdio_h=yes
ac_cv_header_stdlib_h=yes
ac_cv_header_string_h=yes
ac_cv_header_strings_h=yes
ac_cv_header_sys_stat_h=yes
ac_cv_header_sys_types_h=yes
ac_cv_header_unistd_h=yes
ac_cv_host=x86_64-unknown-linux-gnu
ac_cv_lib_boost_chrono_gcc48_mt_s_1_57___exit=yes
ac_cv_lib_boost_filesystem_gcc48_mt_s_1_57___exit=yes
ac_cv_lib_boost_program_options_gcc48_mt_s_1_57___main=yes
ac_cv_lib_boost_system_gcc48_mt_s_1_57___exit=yes
ac_cv_lib_boost_thread_gcc48_mt_s_1_57___exit=yes
ac_cv_lib_db_cxx_4_8___main=yes
ac_cv_lib_gmp_main=yes
ac_cv_lib_gmpxx_main=yes
ac_cv_lib_miniupnpc_main=yes
ac_cv_objc_compiler_gnu=no
ac_cv_objcxx_compiler_gnu=no
ac_cv_objext=o
ac_cv_path_EGREP='/usr/bin/grep -E'
ac_cv_path_GIT=/usr/bin/git
ac_cv_path_GREP=/usr/bin/grep
ac_cv_path_HEXDUMP=/usr/bin/hexdump
ac_cv_path_LRELEASE=/usr/bin/lrelease-qt5
ac_cv_path_LUPDATE=/usr/bin/lupdate-qt5
ac_cv_path_MOC=/usr/bin/moc-qt5
ac_cv_path_PROTOC=/dlibs/linux/x86_64/bin/protoc
ac_cv_path_RCC=/usr/bin/rcc-qt5
ac_cv_path_SED=/usr/bin/sed
ac_cv_path_UIC=/usr/bin/uic-qt5
ac_cv_path_XGETTEXT=/usr/bin/xgettext
ac_cv_path_ac_pt_AR=/usr/bin/ar
ac_cv_path_ac_pt_GCOV=/usr/bin/gcov
ac_cv_path_ac_pt_PKG_CONFIG=/usr/bin/pkg-config
ac_cv_path_ac_pt_RANLIB=/usr/bin/ranlib
ac_cv_path_ac_pt_STRIP=/usr/bin/strip
ac_cv_path_install='/usr/bin/install -c'
ac_cv_path_mkdir=/usr/bin/mkdir
ac_cv_prog_AWK=gawk
ac_cv_prog_CPP='gcc -E'
ac_cv_prog_CXXCPP='g++ -E'
ac_cv_prog_ac_ct_CC=gcc
ac_cv_prog_ac_ct_CXX=g++
ac_cv_prog_ac_ct_OBJC=gcc
ac_cv_prog_ac_ct_OBJCXX=g++
ac_cv_prog_cc_c89=
ac_cv_prog_cc_g=yes
ac_cv_prog_cxx_g=yes
ac_cv_prog_make_make_set=yes
ac_cv_prog_objc_g=no
ac_cv_prog_objcxx_g=no
ac_cv_sys_file_offset_bits=no
ac_cv_sys_largefile_CC=no
am_cv_CC_dependencies_compiler_type=gcc3
am_cv_CXX_dependencies_compiler_type=gcc3
am_cv_OBJCXX_dependencies_compiler_type=gcc3
am_cv_OBJC_dependencies_compiler_type=gcc3
am_cv_make_support_nested_variables=yes
ax_cv_PTHREAD_PRIO_INHERIT=yes
ax_cv_boost_chrono=yes
ax_cv_boost_filesystem=yes
ax_cv_boost_program_options=yes
ax_cv_boost_system=yes
ax_cv_boost_thread=yes
ax_cv_check_cxxcppflags___D_FORTIFY_SOURCE_2=yes
ax_cv_check_cxxcppflags___U_FORTIFY_SOURCE=yes
ax_cv_check_cxxflags___Wstack_protector=yes
ax_cv_check_cxxflags___fPIE=yes
ax_cv_check_cxxflags___fstack_protector_all=yes
ax_cv_check_ldflags___Wl___dynamicbase=no
ax_cv_check_ldflags___Wl___large_address_aware=no
ax_cv_check_ldflags___Wl___nxcompat=no
ax_cv_check_ldflags___Wl__z_now=yes
ax_cv_check_ldflags___Wl__z_relro=yes
ax_cv_check_ldflags___pie=yes
pkg_cv_CRYPTO_CFLAGS='-I/dlibs/linux/x86_64/include  '
pkg_cv_CRYPTO_LIBS='-L/dlibs/linux/x86_64/lib -lcrypto  '
pkg_cv_PROTOBUF_CFLAGS='-pthread -I/dlibs/linux/x86_64/include  '
pkg_cv_PROTOBUF_LIBS='-pthread -L/dlibs/linux/x86_64/lib -lprotobuf -lpthread  '
pkg_cv_QR_CFLAGS='-I/dlibs/linux/x86_64/include  '
pkg_cv_QR_LIBS='-L/dlibs/linux/x86_64/lib -lqrencode  '
pkg_cv_QT_CFLAGS='-I/usr/include/qt5/QtCore -I/usr/include/qt5 -I/usr/include/qt5/QtGui -I/usr/include/qt5/QtNetwork -I/usr/include/qt5/QtWidgets  '
pkg_cv_QT_DBUS_CFLAGS='-I/usr/include/qt5/QtDBus -I/usr/include/qt5 -I/usr/include/qt5/QtCore  '
pkg_cv_QT_DBUS_LIBS='-lQt5DBus -lQt5Core  '
pkg_cv_QT_LIBS='-lQt5Network -lQt5Widgets -lQt5Gui -lQt5Core  '
pkg_cv_QT_TEST_CFLAGS='-I/usr/include/qt5/QtTest -I/usr/include/qt5 -I/usr/include/qt5/QtCore  '
pkg_cv_QT_TEST_LIBS='-lQt5Test -lQt5Core  '
pkg_cv_SSL_CFLAGS='-I/dlibs/linux/x86_64/include -O2 -Wcpp'
pkg_cv_SSL_LIBS='-L/dlibs/linux/x86_64/lib -lssl -lz -lpng -ldl'

## ----------------- ##
## Output variables. ##
## ----------------- ##

ACLOCAL='${SHELL} /devel/platinumcoin/src_main/src/build-aux/missing aclocal-1.13'
AMDEPBACKSLASH='\'
AMDEP_FALSE='#'
AMDEP_TRUE=''
AMTAR='$${TAR-tar}'
AM_BACKSLASH='\'
AM_DEFAULT_V='$(AM_DEFAULT_VERBOSITY)'
AM_DEFAULT_VERBOSITY='0'
AM_V='$(V)'
AR='/usr/bin/ar'
AUTOCONF='${SHELL} /devel/platinumcoin/src_main/src/build-aux/missing autoconf'
AUTOHEADER='${SHELL} /devel/platinumcoin/src_main/src/build-aux/missing autoheader'
AUTOMAKE='${SHELL} /devel/platinumcoin/src_main/src/build-aux/missing automake-1.13'
AWK='gawk'
BDB_CPPFLAGS=''
BDB_LIBS='-ldb_cxx-4.8'
BOOST_CHRONO_LIB='-lboost_chrono-gcc48-mt-s-1_57 '
BOOST_CPPFLAGS='-pthread -I/dlibs/linux/x86_64/include/boost-1_57'
BOOST_FILESYSTEM_LIB='-lboost_filesystem-gcc48-mt-s-1_57'
BOOST_LDFLAGS='-L/dlibs/linux/x86_64/lib'
BOOST_LIBS='-L/dlibs/linux/x86_64/lib -lboost_system-gcc48-mt-s-1_57 -lboost_filesystem-gcc48-mt-s-1_57 -lboost_program_options-gcc48-mt-s-1_57 -lboost_thread-gcc48-mt-s-1_57 -lboost_chrono-gcc48-mt-s-1_57 '
BOOST_PROGRAM_OPTIONS_LIB='-lboost_program_options-gcc48-mt-s-1_57'
BOOST_SYSTEM_LIB='-lboost_system-gcc48-mt-s-1_57'
BOOST_THREAD_LIB='-lboost_thread-gcc48-mt-s-1_57'
BOOST_UNIT_TEST_FRAMEWORK_LIB=''
BREW=''
BUILD_DARWIN_FALSE=''
BUILD_DARWIN_TRUE='#'
BUILD_PLATINUMCOIND_FALSE='#'
BUILD_PLATINUMCOIND_TRUE=''
BUILD_PLATINUMCOIN_CLI_FALSE='#'
BUILD_PLATINUMCOIN_CLI_TRUE=''
BUILD_QT='qt'
BUILD_TEST=''
BUILD_TEST_QT=''
CC='gcc'
CCACHE=''
CCDEPMODE='depmode=gcc3'
CFLAGS='-g -O2'
CLIENT_VERSION_BUILD='0'
CLIENT_VERSION_IS_RELEASE='true'
CLIENT_VERSION_MAJOR='0'
CLIENT_VERSION_MINOR='1'
CLIENT_VERSION_REVISION='4'
COMPARISON_TOOL_REORG_TESTS='0'
COPYRIGHT_YEAR='2014'
CPP='gcc -E'
CPPFLAGS=' -DBOOST_SPIRIT_THREADSAFE -DHAVE_BUILD_INFO -D__STDC_FORMAT_MACROS  -U_FORTIFY_SOURCE -D_FORTIFY_SOURCE=2'
CRYPTO_CFLAGS='-I/dlibs/linux/x86_64/include  '
CRYPTO_LIBS='-L/dlibs/linux/x86_64/lib -lcrypto  '
CXX='g++'
CXXCPP='g++ -E'
CXXDEPMODE='depmode=gcc3'
CXXFLAGS='-I/dlibs/linux/x86_64/include -I/dlibs/linux/x86_64/include/boost_1_57_0 -I/dlibs/linux/x86_64/include/openssl -O2 -Wno-main   -Wno-deprecated-declarations -Wno-sign-compare -Wno-format -Wno-stack-protector -fPIC  -Wstack-protector -fstack-protector-all -fPIE'
CYGPATH_W='echo'
DEFS='-DHAVE_CONFIG_H'
DEPDIR='.deps'
ECHO_C=''
ECHO_N='-n'
ECHO_T=''
EGREP='/usr/bin/grep -E'
EMBEDDED_LEVELDB_FALSE='#'
EMBEDDED_LEVELDB_TRUE=''
ENABLE_WALLET_FALSE='#'
ENABLE_WALLET_TRUE=''
EXEEXT=''
GCOV='/usr/bin/gcov'
GENHTML=''
GENISOIMAGE=''
GIT='/usr/bin/git'
GREP='/usr/bin/grep'
HEXDUMP='/usr/bin/hexdump'
INCLUDES=' -pthread -I/dlibs/linux/x86_64/include -O2 -Wcpp -I/dlibs/linux/x86_64/include  '
INSTALLNAMETOOL=''
INSTALL_DATA='${INSTALL} -m 644'
INSTALL_PROGRAM='${INSTALL}'
INSTALL_SCRIPT='${INSTALL}'
INSTALL_STRIP_PROGRAM='$(install_sh) -c -s'
JAVA=''
JAVA_COMPARISON_TOOL=''
LCOV=''
LDFLAGS='-L/dlibs/linux/x86_64/lib -L/dlibs/linux/x86_64/plugins/platforms  -Wl,-z,relro -Wl,-z,now -pie'
LEVELDB_CPPFLAGS=''
LEVELDB_TARGET_FLAGS=''
LIBLEVELDB=''
LIBMEMENV=''
LIBOBJS=''
LIBS='-lgmpxx -lgmp -lminiupnpc -lminiupnpc -lminiupnpc -lminiupnpc  -L/dlibs/linux/x86_64/lib -lssl -lz -lpng -ldl -L/dlibs/linux/x86_64/lib -lcrypto  '
LN_S='ln -s'
LRELEASE='/usr/bin/lrelease-qt5'
LTLIBOBJS=''
LUPDATE='/usr/bin/lupdate-qt5'
MAINT=''
MAINTAINER_MODE_FALSE='#'
MAINTAINER_MODE_TRUE=''
MAKEINFO='${SHELL} /devel/platinumcoin/src_main/src/build-aux/missing makeinfo'
MAKENSIS=''
MKDIR_P='/usr/bin/mkdir -p'
MOC='/usr/bin/moc-qt5'
MOC_DEFS='-DHAVE_CONFIG_H -I$(top_srcdir)/src'
OBJC='gcc'
OBJCDEPMODE='depmode=gcc3'
OBJCFLAGS=''
OBJCXX='g++'
OBJCXXDEPMODE='depmode=gcc3'
OBJCXXFLAGS='-I/dlibs/linux/x86_64/include -I/dlibs/linux/x86_64/include/boost_1_57_0 -I/dlibs/linux/x86_64/include/openssl -O2 -Wno-main   -Wno-deprecated-declarations -Wno-sign-compare -Wno-format -Wno-stack-protector -fPIC  -Wstack-protector -fstack-protector-all -fPIE'
OBJEXT='o'
OTOOL=''
PACKAGE='platinumcoin'
PACKAGE_BUGREPORT='info@platinumcoin.org'
PACKAGE_NAME='Platinumcoin Core'
PACKAGE_STRING='Platinumcoin Core 0.1.4'
PACKAGE_TARNAME='platinumcoin'
PACKAGE_URL=''
PACKAGE_VERSION='0.1.4'
PATH_SEPARATOR=':'
PKG_CONFIG='/usr/bin/pkg-config'
PKG_CONFIG_LIBDIR=''
PKG_CONFIG_PATH='/dlibs/linux/x86_64/lib/pkgconfig'
PORT=''
PROTOBUF_CFLAGS='-pthread -I/dlibs/linux/x86_64/include  '
PROTOBUF_LIBS='-pthread -L/dlibs/linux/x86_64/lib -lprotobuf -lpthread  '
PROTOC='/dlibs/linux/x86_64/bin/protoc'
PTHREAD_CC='gcc'
PTHREAD_CFLAGS='-pthread'
PTHREAD_LIBS=''
QR_CFLAGS='-I/dlibs/linux/x86_64/include  '
QR_LIBS='-L/dlibs/linux/x86_64/lib -lqrencode  '
QT_CFLAGS='-I/usr/include/qt5/QtCore -I/usr/include/qt5 -I/usr/include/qt5/QtGui -I/usr/include/qt5/QtNetwork -I/usr/include/qt5/QtWidgets  '
QT_DBUS_CFLAGS='-I/usr/include/qt5/QtDBus -I/usr/include/qt5 -I/usr/include/qt5/QtCore  '
QT_DBUS_INCLUDES='-I/usr/include/qt5/QtDBus -I/usr/include/qt5 -I/usr/include/qt5/QtCore  '
QT_DBUS_LIBS='-lQt5DBus -lQt5Core  '
QT_INCLUDES='-I/usr/include/qt5/QtCore -I/usr/include/qt5 -I/usr/include/qt5/QtGui -I/usr/include/qt5/QtNetwork -I/usr/include/qt5/QtWidgets  '
QT_LDFLAGS=''
QT_LIBS='-lQt5Network -lQt5Widgets -lQt5Gui -lQt5Core  '
QT_SELECT='qt5'
QT_TEST_CFLAGS='-I/usr/include/qt5/QtTest -I/usr/include/qt5 -I/usr/include/qt5/QtCore  '
QT_TEST_INCLUDES='-I/usr/include/qt5/QtTest -I/usr/include/qt5 -I/usr/include/qt5/QtCore  '
QT_TEST_LIBS='-lQt5Test -lQt5Core  '
RANLIB='/usr/bin/ranlib'
RCC='/usr/bin/rcc-qt5'
SED='/usr/bin/sed'
SET_MAKE=''
SHELL='/bin/sh'
SSL_CFLAGS='-I/dlibs/linux/x86_64/include -O2 -Wcpp'
SSL_LIBS='-L/dlibs/linux/x86_64/lib -lssl -lz -lpng -ldl'
STRIP='/usr/bin/strip'
TARGET_DARWIN_FALSE=''
TARGET_DARWIN_TRUE='#'
TARGET_WINDOWS_FALSE=''
TARGET_WINDOWS_TRUE='#'
TESTDEFS=''
UIC='/usr/bin/uic-qt5'
USE_COMPARISON_TOOL_FALSE=''
USE_COMPARISON_TOOL_REORG_TESTS_FALSE='#'
USE_COMPARISON_TOOL_REORG_TESTS_TRUE=''
USE_COMPARISON_TOOL_TRUE='#'
USE_IPV6=''
USE_LCOV_FALSE=''
USE_LCOV_TRUE='#'
USE_QRCODE=''
USE_QRCODE_FALSE='#'
USE_QRCODE_TRUE=''
USE_UPNP=''
VERSION='0.1.4'
WINDOWS_BITS=''
WINDRES=''
XGETTEXT='/usr/bin/xgettext'
ac_ct_CC='gcc'
ac_ct_CXX='g++'
ac_ct_OBJC='gcc'
ac_ct_OBJCXX='g++'
am__EXEEXT_FALSE=''
am__EXEEXT_TRUE='#'
am__fastdepCC_FALSE='#'
am__fastdepCC_TRUE=''
am__fastdepCXX_FALSE='#'
am__fastdepCXX_TRUE=''
am__fastdepOBJCXX_FALSE='#'
am__fastdepOBJCXX_TRUE=''
am__fastdepOBJC_FALSE='#'
am__fastdepOBJC_TRUE=''
am__include='include'
am__isrc=''
am__leading_dot='.'
am__nodep='_no'
am__quote=''
am__tar='$${TAR-tar} chof - "$$tardir"'
am__untar='$${TAR-tar} xf -'
ax_pthread_config=''
bindir='${exec_prefix}/bin'
build='x86_64-unknown-linux-gnu'
build_alias=''
build_cpu='x86_64'
build_os='linux-gnu'
build_vendor='unknown'
datadir='${datarootdir}'
datarootdir='${prefix}/share'
docdir='${datarootdir}/doc/${PACKAGE_TARNAME}'
dvidir='${docdir}'
exec_prefix='${prefix}'
host='x86_64-unknown-linux-gnu'
host_alias=''
host_cpu='x86_64'
host_os='linux-gnu'
host_vendor='unknown'
htmldir='${docdir}'
includedir='${prefix}/include'
infodir='${datarootdir}/info'
install_sh='${SHELL} /devel/platinumcoin/src_main/src/build-aux/install-sh'
libdir='${exec_prefix}/lib'
libexecdir='${exec_prefix}/libexec'
localedir='${datarootdir}/locale'
localstatedir='${prefix}/var'
mandir='${datarootdir}/man'
mkdir_p='$(MKDIR_P)'
oldincludedir='/usr/include'
pdfdir='${docdir}'
prefix='/usr/local'
program_transform_name='s,x,x,'
psdir='${docdir}'
sbindir='${exec_prefix}/sbin'
sharedstatedir='${prefix}/com'
sysconfdir='${prefix}/etc'
target_alias=''

## ----------- ##
## confdefs.h. ##
## ----------- ##

/* confdefs.h */
#define PACKAGE_NAME "Platinumcoin Core"
#define PACKAGE_TARNAME "platinumcoin"
#define PACKAGE_VERSION "0.1.4"
#define PACKAGE_STRING "Platinumcoin Core 0.1.4"
#define PACKAGE_BUGREPORT "info@platinumcoin.org"
#define PACKAGE_URL ""
#define STDC_HEADERS 1
#define HAVE_SYS_TYPES_H 1
#define HAVE_SYS_STAT_H 1
#define HAVE_STDLIB_H 1
#define HAVE_STRING_H 1
#define HAVE_MEMORY_H 1
#define HAVE_STRINGS_H 1
#define HAVE_INTTYPES_H 1
#define HAVE_STDINT_H 1
#define HAVE_UNISTD_H 1
#define HAVE_PTHREAD_PRIO_INHERIT 1
#define HAVE_PTHREAD 1
#define HAVE_STDIO_H 1
#define HAVE_STDLIB_H 1
#define HAVE_UNISTD_H 1
#define HAVE_STRINGS_H 1
#define HAVE_SYS_TYPES_H 1
#define HAVE_SYS_STAT_H 1
#define HAVE_MSG_NOSIGNAL 1
#define HAVE_MINIUPNPC_MINIWGET_H 1
#define HAVE_LIBMINIUPNPC 1
#define HAVE_MINIUPNPC_MINIUPNPC_H 1
#define HAVE_LIBMINIUPNPC 1
#define HAVE_MINIUPNPC_UPNPCOMMANDS_H 1
#define HAVE_LIBMINIUPNPC 1
#define HAVE_MINIUPNPC_UPNPERRORS_H 1
#define HAVE_LIBMINIUPNPC 1
#define HAVE_LIBGMP 1
#define HAVE_LIBGMPXX 1
#define HAVE_BOOST /**/
#define HAVE_BOOST_SYSTEM /**/
#define HAVE_BOOST_FILESYSTEM /**/
#define HAVE_BOOST_PROGRAM_OPTIONS /**/
#define HAVE_BOOST_THREAD /**/
#define HAVE_BOOST_CHRONO /**/
#define HAVE_WORKING_BOOST_SLEEP_FOR 1
#define HAVE_IPV6 1
#define ENABLE_WALLET 1
#define USE_IPV6 1
#define USE_UPNP 1
#define USE_DBUS 1
#define USE_QRCODE 1
#define CLIENT_VERSION_MAJOR 0
#define CLIENT_VERSION_MINOR 1
#define CLIENT_VERSION_REVISION 4
#define CLIENT_VERSION_BUILD 0
#define CLIENT_VERSION_IS_RELEASE true
#define COPYRIGHT_YEAR 2014

configure: exit 0
